INFO:Running model to predict a custom set of images ...
INFO:Parsing image names and data split ...
INFO: --- Image 1 of 10 (train_1.png) --- 
INFO:train_1.png: _rowmin0_rowmax522_colmin0_colmax775
INFO: --- Image 2 of 10 (train_10.png) --- 
INFO:train_10.png: _rowmin0_rowmax522_colmin0_colmax775
INFO: --- Image 3 of 10 (train_11.png) --- 
INFO:train_11.png: _rowmin0_rowmax522_colmin0_colmax775
INFO: --- Image 4 of 10 (train_12.png) --- 
INFO:train_12.png: _rowmin0_rowmax433_colmin0_colmax574
INFO: --- Image 5 of 10 (train_13.png) --- 
INFO:train_13.png: _rowmin0_rowmax522_colmin0_colmax775
INFO: --- Image 6 of 10 (train_14.png) --- 
INFO:train_14.png: _rowmin0_rowmax522_colmin0_colmax775
INFO: --- Image 7 of 10 (train_15.png) --- 
INFO:train_15.png: _rowmin0_rowmax522_colmin0_colmax775
INFO: --- Image 8 of 10 (train_16.png) --- 
INFO:train_16.png: _rowmin0_rowmax522_colmin0_colmax775
INFO: --- Image 9 of 10 (train_17.png) --- 
INFO:train_17.png: _rowmin0_rowmax522_colmin0_colmax775
INFO: --- Image 10 of 10 (train_19.png) --- 
INFO:train_19.png: _rowmin0_rowmax522_colmin0_colmax775
INFO:Saved SplitData to /Users/danacazacu/Documents/GitHub/tensorflow_FCN8Workflow/sampleRun/results/ ...
INFO:Building computational graph ...
INFO:Load npy file from '/Users/danacazacu/Documents/GitHub/tensorflow_FCN8Workflow/tensorflow_fcn/vgg16.npy'.
ERROR:File '/Users/danacazacu/Documents/GitHub/tensorflow_FCN8Workflow/tensorflow_fcn/vgg16.npy' not found. Download it from ftp://mi.eng.cam.ac.uk/pub/mttt2/models/vgg16.npy
