INFO:Running model to predict a custom set of images ...
INFO:Parsing image names and data split ...
INFO: --- Image 1 of 161 (TCGA-A1-A0SK-DX1_xmin45749_ymin25055_MPP-0.2500.png) --- 
INFO:TCGA-A1-A0SK-DX1_xmin45749_ymin25055_MPP-0.2500.png: _rowmin0_rowmax2467_colmin0_colmax2500
INFO:TCGA-A1-A0SK-DX1_xmin45749_ymin25055_MPP-0.2500.png: _rowmin0_rowmax2467_colmin894_colmax3394
INFO: --- Image 2 of 161 (TCGA-A1-A0SP-DX1_xmin6798_ymin53719_MPP-0.2500.png) --- 
INFO:TCGA-A1-A0SP-DX1_xmin6798_ymin53719_MPP-0.2500.png: _rowmin0_rowmax2500_colmin0_colmax2500
INFO:TCGA-A1-A0SP-DX1_xmin6798_ymin53719_MPP-0.2500.png: _rowmin0_rowmax2500_colmin2338_colmax4838
INFO:TCGA-A1-A0SP-DX1_xmin6798_ymin53719_MPP-0.2500.png: _rowmin926_rowmax3426_colmin0_colmax2500
INFO:TCGA-A1-A0SP-DX1_xmin6798_ymin53719_MPP-0.2500.png: _rowmin926_rowmax3426_colmin2338_colmax4838
INFO: --- Image 3 of 161 (TCGA-A2-A04P-DX1_xmin104246_ymin48517_MPP-0.2500.png) --- 
INFO:TCGA-A2-A04P-DX1_xmin104246_ymin48517_MPP-0.2500.png: _rowmin0_rowmax2500_colmin0_colmax2500
INFO:TCGA-A2-A04P-DX1_xmin104246_ymin48517_MPP-0.2500.png: _rowmin0_rowmax2500_colmin1294_colmax3794
INFO:TCGA-A2-A04P-DX1_xmin104246_ymin48517_MPP-0.2500.png: _rowmin419_rowmax2919_colmin0_colmax2500
INFO:TCGA-A2-A04P-DX1_xmin104246_ymin48517_MPP-0.2500.png: _rowmin419_rowmax2919_colmin1294_colmax3794
INFO: --- Image 4 of 161 (TCGA-A2-A04Q-DX1_xmin20868_ymin17804_MPP-0.2500.png) --- 
INFO:TCGA-A2-A04Q-DX1_xmin20868_ymin17804_MPP-0.2500.png: _rowmin0_rowmax1813_colmin0_colmax1816
INFO: --- Image 5 of 161 (TCGA-A2-A04T-DX1_xmin72145_ymin39078_MPP-0.2500.png) --- 
INFO:TCGA-A2-A04T-DX1_xmin72145_ymin39078_MPP-0.2500.png: _rowmin0_rowmax2500_colmin0_colmax2500
INFO:TCGA-A2-A04T-DX1_xmin72145_ymin39078_MPP-0.2500.png: _rowmin0_rowmax2500_colmin2500_colmax5000
INFO:TCGA-A2-A04T-DX1_xmin72145_ymin39078_MPP-0.2500.png: _rowmin0_rowmax2500_colmin3775_colmax6275
INFO:TCGA-A2-A04T-DX1_xmin72145_ymin39078_MPP-0.2500.png: _rowmin669_rowmax3169_colmin0_colmax2500
INFO:TCGA-A2-A04T-DX1_xmin72145_ymin39078_MPP-0.2500.png: _rowmin669_rowmax3169_colmin2500_colmax5000
INFO:TCGA-A2-A04T-DX1_xmin72145_ymin39078_MPP-0.2500.png: _rowmin669_rowmax3169_colmin3775_colmax6275
INFO: --- Image 6 of 161 (TCGA-A2-A0CM-DX1_xmin18562_ymin56852_MPP-0.2500.png) --- 
INFO:TCGA-A2-A0CM-DX1_xmin18562_ymin56852_MPP-0.2500.png: _rowmin0_rowmax2500_colmin0_colmax2500
INFO:TCGA-A2-A0CM-DX1_xmin18562_ymin56852_MPP-0.2500.png: _rowmin0_rowmax2500_colmin1707_colmax4207
INFO:TCGA-A2-A0CM-DX1_xmin18562_ymin56852_MPP-0.2500.png: _rowmin730_rowmax3230_colmin0_colmax2500
INFO:TCGA-A2-A0CM-DX1_xmin18562_ymin56852_MPP-0.2500.png: _rowmin730_rowmax3230_colmin1707_colmax4207
INFO: --- Image 7 of 161 (TCGA-A2-A0D0-DX1_xmin68482_ymin39071_MPP-0.2500.png) --- 
INFO:TCGA-A2-A0D0-DX1_xmin68482_ymin39071_MPP-0.2500.png: _rowmin0_rowmax2500_colmin0_colmax2500
INFO:TCGA-A2-A0D0-DX1_xmin68482_ymin39071_MPP-0.2500.png: _rowmin0_rowmax2500_colmin2500_colmax5000
INFO:TCGA-A2-A0D0-DX1_xmin68482_ymin39071_MPP-0.2500.png: _rowmin0_rowmax2500_colmin4860_colmax7360
INFO:TCGA-A2-A0D0-DX1_xmin68482_ymin39071_MPP-0.2500.png: _rowmin2500_rowmax5000_colmin0_colmax2500
INFO:TCGA-A2-A0D0-DX1_xmin68482_ymin39071_MPP-0.2500.png: _rowmin2500_rowmax5000_colmin2500_colmax5000
INFO:TCGA-A2-A0D0-DX1_xmin68482_ymin39071_MPP-0.2500.png: _rowmin2500_rowmax5000_colmin4860_colmax7360
INFO:TCGA-A2-A0D0-DX1_xmin68482_ymin39071_MPP-0.2500.png: _rowmin4313_rowmax6813_colmin0_colmax2500
INFO:TCGA-A2-A0D0-DX1_xmin68482_ymin39071_MPP-0.2500.png: _rowmin4313_rowmax6813_colmin2500_colmax5000
INFO:TCGA-A2-A0D0-DX1_xmin68482_ymin39071_MPP-0.2500.png: _rowmin4313_rowmax6813_colmin4860_colmax7360
INFO: --- Image 8 of 161 (TCGA-A2-A0D2-DX1_xmin96887_ymin22299_MPP-0.2500.png) --- 
INFO:TCGA-A2-A0D2-DX1_xmin96887_ymin22299_MPP-0.2500.png: _rowmin0_rowmax2418_colmin0_colmax2500
INFO:TCGA-A2-A0D2-DX1_xmin96887_ymin22299_MPP-0.2500.png: _rowmin0_rowmax2418_colmin891_colmax3391
INFO: --- Image 9 of 161 (TCGA-A2-A0ST-DX1_xmin109446_ymin18274_MPP-0.2500.png) --- 
INFO:TCGA-A2-A0ST-DX1_xmin109446_ymin18274_MPP-0.2500.png: _rowmin0_rowmax2500_colmin0_colmax2500
INFO:TCGA-A2-A0ST-DX1_xmin109446_ymin18274_MPP-0.2500.png: _rowmin0_rowmax2500_colmin2500_colmax5000
INFO:TCGA-A2-A0ST-DX1_xmin109446_ymin18274_MPP-0.2500.png: _rowmin0_rowmax2500_colmin2898_colmax5398
INFO:TCGA-A2-A0ST-DX1_xmin109446_ymin18274_MPP-0.2500.png: _rowmin2126_rowmax4626_colmin0_colmax2500
INFO:TCGA-A2-A0ST-DX1_xmin109446_ymin18274_MPP-0.2500.png: _rowmin2126_rowmax4626_colmin2500_colmax5000
INFO:TCGA-A2-A0ST-DX1_xmin109446_ymin18274_MPP-0.2500.png: _rowmin2126_rowmax4626_colmin2898_colmax5398
INFO: --- Image 10 of 161 (TCGA-A2-A0SX-DX1_xmin53791_ymin56683_MPP-0.2500.png) --- 
INFO:TCGA-A2-A0SX-DX1_xmin53791_ymin56683_MPP-0.2500.png: _rowmin0_rowmax2500_colmin0_colmax2500
INFO:TCGA-A2-A0SX-DX1_xmin53791_ymin56683_MPP-0.2500.png: _rowmin0_rowmax2500_colmin256_colmax2756
INFO:TCGA-A2-A0SX-DX1_xmin53791_ymin56683_MPP-0.2500.png: _rowmin1696_rowmax4196_colmin0_colmax2500
INFO:TCGA-A2-A0SX-DX1_xmin53791_ymin56683_MPP-0.2500.png: _rowmin1696_rowmax4196_colmin256_colmax2756
INFO: --- Image 11 of 161 (TCGA-A2-A0T0-DX1_xmin72865_ymin59458_MPP-0.2500.png) --- 
INFO:TCGA-A2-A0T0-DX1_xmin72865_ymin59458_MPP-0.2500.png: _rowmin0_rowmax2496_colmin0_colmax2500
INFO:TCGA-A2-A0T0-DX1_xmin72865_ymin59458_MPP-0.2500.png: _rowmin0_rowmax2496_colmin1535_colmax4035
INFO: --- Image 12 of 161 (TCGA-A2-A0T2-DX1_xmin63557_ymin56751_MPP-0.2500.png) --- 
INFO:TCGA-A2-A0T2-DX1_xmin63557_ymin56751_MPP-0.2500.png: _rowmin0_rowmax2500_colmin0_colmax2500
INFO:TCGA-A2-A0T2-DX1_xmin63557_ymin56751_MPP-0.2500.png: _rowmin0_rowmax2500_colmin2500_colmax5000
INFO:TCGA-A2-A0T2-DX1_xmin63557_ymin56751_MPP-0.2500.png: _rowmin0_rowmax2500_colmin2632_colmax5132
INFO:TCGA-A2-A0T2-DX1_xmin63557_ymin56751_MPP-0.2500.png: _rowmin664_rowmax3164_colmin0_colmax2500
INFO:TCGA-A2-A0T2-DX1_xmin63557_ymin56751_MPP-0.2500.png: _rowmin664_rowmax3164_colmin2500_colmax5000
INFO:TCGA-A2-A0T2-DX1_xmin63557_ymin56751_MPP-0.2500.png: _rowmin664_rowmax3164_colmin2632_colmax5132
INFO: --- Image 13 of 161 (TCGA-A2-A0YE-DX1_xmin59206_ymin33505_MPP-0.2500.png) --- 
INFO:TCGA-A2-A0YE-DX1_xmin59206_ymin33505_MPP-0.2500.png: _rowmin0_rowmax2500_colmin0_colmax2500
INFO:TCGA-A2-A0YE-DX1_xmin59206_ymin33505_MPP-0.2500.png: _rowmin0_rowmax2500_colmin1293_colmax3793
INFO:TCGA-A2-A0YE-DX1_xmin59206_ymin33505_MPP-0.2500.png: _rowmin1336_rowmax3836_colmin0_colmax2500
INFO:TCGA-A2-A0YE-DX1_xmin59206_ymin33505_MPP-0.2500.png: _rowmin1336_rowmax3836_colmin1293_colmax3793
INFO: --- Image 14 of 161 (TCGA-A2-A0YM-DX1_xmin44520_ymin66915_MPP-0.2500.png) --- 
INFO:TCGA-A2-A0YM-DX1_xmin44520_ymin66915_MPP-0.2500.png: _rowmin0_rowmax2500_colmin0_colmax2500
INFO:TCGA-A2-A0YM-DX1_xmin44520_ymin66915_MPP-0.2500.png: _rowmin0_rowmax2500_colmin2500_colmax5000
INFO:TCGA-A2-A0YM-DX1_xmin44520_ymin66915_MPP-0.2500.png: _rowmin0_rowmax2500_colmin3979_colmax6479
INFO:TCGA-A2-A0YM-DX1_xmin44520_ymin66915_MPP-0.2500.png: _rowmin1571_rowmax4071_colmin0_colmax2500
INFO:TCGA-A2-A0YM-DX1_xmin44520_ymin66915_MPP-0.2500.png: _rowmin1571_rowmax4071_colmin2500_colmax5000
INFO:TCGA-A2-A0YM-DX1_xmin44520_ymin66915_MPP-0.2500.png: _rowmin1571_rowmax4071_colmin3979_colmax6479
INFO: --- Image 15 of 161 (TCGA-A2-A1G6-DX1_xmin57706_ymin69514_MPP-0.2500.png) --- 
INFO:TCGA-A2-A1G6-DX1_xmin57706_ymin69514_MPP-0.2500.png: _rowmin0_rowmax1991_colmin0_colmax2500
INFO:TCGA-A2-A1G6-DX1_xmin57706_ymin69514_MPP-0.2500.png: _rowmin0_rowmax1991_colmin1126_colmax3626
INFO: --- Image 16 of 161 (TCGA-A2-A3XS-DX1_xmin21421_ymin37486_MPP-0.2500.png) --- 
INFO:TCGA-A2-A3XS-DX1_xmin21421_ymin37486_MPP-0.2500.png: _rowmin0_rowmax2500_colmin0_colmax2500
INFO:TCGA-A2-A3XS-DX1_xmin21421_ymin37486_MPP-0.2500.png: _rowmin0_rowmax2500_colmin2500_colmax5000
INFO:TCGA-A2-A3XS-DX1_xmin21421_ymin37486_MPP-0.2500.png: _rowmin0_rowmax2500_colmin2947_colmax5447
INFO:TCGA-A2-A3XS-DX1_xmin21421_ymin37486_MPP-0.2500.png: _rowmin676_rowmax3176_colmin0_colmax2500
INFO:TCGA-A2-A3XS-DX1_xmin21421_ymin37486_MPP-0.2500.png: _rowmin676_rowmax3176_colmin2500_colmax5000
INFO:TCGA-A2-A3XS-DX1_xmin21421_ymin37486_MPP-0.2500.png: _rowmin676_rowmax3176_colmin2947_colmax5447
INFO: --- Image 17 of 161 (TCGA-A2-A3XT-DX1_xmin83566_ymin29931_MPP-0.2500.png) --- 
INFO:TCGA-A2-A3XT-DX1_xmin83566_ymin29931_MPP-0.2500.png: _rowmin0_rowmax2500_colmin0_colmax2500
INFO:TCGA-A2-A3XT-DX1_xmin83566_ymin29931_MPP-0.2500.png: _rowmin0_rowmax2500_colmin2498_colmax4998
INFO:TCGA-A2-A3XT-DX1_xmin83566_ymin29931_MPP-0.2500.png: _rowmin173_rowmax2673_colmin0_colmax2500
INFO:TCGA-A2-A3XT-DX1_xmin83566_ymin29931_MPP-0.2500.png: _rowmin173_rowmax2673_colmin2498_colmax4998
INFO: --- Image 18 of 161 (TCGA-A2-A3XU-DX1_xmin33329_ymin26157_MPP-0.2500.png) --- 
INFO:TCGA-A2-A3XU-DX1_xmin33329_ymin26157_MPP-0.2500.png: _rowmin0_rowmax2500_colmin0_colmax2500
INFO:TCGA-A2-A3XU-DX1_xmin33329_ymin26157_MPP-0.2500.png: _rowmin0_rowmax2500_colmin2167_colmax4667
INFO:TCGA-A2-A3XU-DX1_xmin33329_ymin26157_MPP-0.2500.png: _rowmin492_rowmax2992_colmin0_colmax2500
INFO:TCGA-A2-A3XU-DX1_xmin33329_ymin26157_MPP-0.2500.png: _rowmin492_rowmax2992_colmin2167_colmax4667
INFO: --- Image 19 of 161 (TCGA-A2-A3XX-DX1_xmin69942_ymin41560_MPP-0.2500.png) --- 
INFO:TCGA-A2-A3XX-DX1_xmin69942_ymin41560_MPP-0.2500.png: _rowmin0_rowmax2500_colmin0_colmax2500
INFO:TCGA-A2-A3XX-DX1_xmin69942_ymin41560_MPP-0.2500.png: _rowmin0_rowmax2500_colmin528_colmax3028
INFO:TCGA-A2-A3XX-DX1_xmin69942_ymin41560_MPP-0.2500.png: _rowmin29_rowmax2529_colmin0_colmax2500
INFO:TCGA-A2-A3XX-DX1_xmin69942_ymin41560_MPP-0.2500.png: _rowmin29_rowmax2529_colmin528_colmax3028
INFO: --- Image 20 of 161 (TCGA-A2-A3XY-DX1_xmin76297_ymin35510_MPP-0.2500.png) --- 
INFO:TCGA-A2-A3XY-DX1_xmin76297_ymin35510_MPP-0.2500.png: _rowmin0_rowmax2500_colmin0_colmax2500
INFO:TCGA-A2-A3XY-DX1_xmin76297_ymin35510_MPP-0.2500.png: _rowmin0_rowmax2500_colmin1517_colmax4017
INFO:TCGA-A2-A3XY-DX1_xmin76297_ymin35510_MPP-0.2500.png: _rowmin1162_rowmax3662_colmin0_colmax2500
INFO:TCGA-A2-A3XY-DX1_xmin76297_ymin35510_MPP-0.2500.png: _rowmin1162_rowmax3662_colmin1517_colmax4017
INFO: --- Image 21 of 161 (TCGA-A7-A0CE-DX1_xmin58461_ymin18750_MPP-0.2500.png) --- 
INFO:TCGA-A7-A0CE-DX1_xmin58461_ymin18750_MPP-0.2500.png: _rowmin0_rowmax2500_colmin0_colmax2500
INFO:TCGA-A7-A0CE-DX1_xmin58461_ymin18750_MPP-0.2500.png: _rowmin0_rowmax2500_colmin2500_colmax5000
INFO:TCGA-A7-A0CE-DX1_xmin58461_ymin18750_MPP-0.2500.png: _rowmin0_rowmax2500_colmin4362_colmax6862
INFO:TCGA-A7-A0CE-DX1_xmin58461_ymin18750_MPP-0.2500.png: _rowmin1417_rowmax3917_colmin0_colmax2500
INFO:TCGA-A7-A0CE-DX1_xmin58461_ymin18750_MPP-0.2500.png: _rowmin1417_rowmax3917_colmin2500_colmax5000
INFO:TCGA-A7-A0CE-DX1_xmin58461_ymin18750_MPP-0.2500.png: _rowmin1417_rowmax3917_colmin4362_colmax6862
INFO: --- Image 22 of 161 (TCGA-A7-A0DA-DX1_xmin43731_ymin18175_MPP-0.2500.png) --- 
INFO:TCGA-A7-A0DA-DX1_xmin43731_ymin18175_MPP-0.2500.png: _rowmin0_rowmax2500_colmin0_colmax2500
INFO:TCGA-A7-A0DA-DX1_xmin43731_ymin18175_MPP-0.2500.png: _rowmin0_rowmax2500_colmin2374_colmax4874
INFO:TCGA-A7-A0DA-DX1_xmin43731_ymin18175_MPP-0.2500.png: _rowmin2500_rowmax5000_colmin0_colmax2500
INFO:TCGA-A7-A0DA-DX1_xmin43731_ymin18175_MPP-0.2500.png: _rowmin2500_rowmax5000_colmin2374_colmax4874
INFO:TCGA-A7-A0DA-DX1_xmin43731_ymin18175_MPP-0.2500.png: _rowmin4628_rowmax7128_colmin0_colmax2500
INFO:TCGA-A7-A0DA-DX1_xmin43731_ymin18175_MPP-0.2500.png: _rowmin4628_rowmax7128_colmin2374_colmax4874
INFO: --- Image 23 of 161 (TCGA-A7-A26F-DX1_xmin72969_ymin11489_MPP-0.2500.png) --- 
INFO:TCGA-A7-A26F-DX1_xmin72969_ymin11489_MPP-0.2500.png: _rowmin0_rowmax2500_colmin0_colmax2500
INFO:TCGA-A7-A26F-DX1_xmin72969_ymin11489_MPP-0.2500.png: _rowmin0_rowmax2500_colmin2500_colmax5000
INFO:TCGA-A7-A26F-DX1_xmin72969_ymin11489_MPP-0.2500.png: _rowmin0_rowmax2500_colmin3015_colmax5515
INFO:TCGA-A7-A26F-DX1_xmin72969_ymin11489_MPP-0.2500.png: _rowmin2415_rowmax4915_colmin0_colmax2500
INFO:TCGA-A7-A26F-DX1_xmin72969_ymin11489_MPP-0.2500.png: _rowmin2415_rowmax4915_colmin2500_colmax5000
INFO:TCGA-A7-A26F-DX1_xmin72969_ymin11489_MPP-0.2500.png: _rowmin2415_rowmax4915_colmin3015_colmax5515
INFO: --- Image 24 of 161 (TCGA-A7-A26G-DX1_xmin77919_ymin10728_MPP-0.2500.png) --- 
INFO:TCGA-A7-A26G-DX1_xmin77919_ymin10728_MPP-0.2500.png: _rowmin0_rowmax1484_colmin0_colmax2500
INFO:TCGA-A7-A26G-DX1_xmin77919_ymin10728_MPP-0.2500.png: _rowmin0_rowmax1484_colmin342_colmax2842
INFO: --- Image 25 of 161 (TCGA-A7-A26I-DX1_xmin9689_ymin25668_MPP-0.2500.png) --- 
INFO:TCGA-A7-A26I-DX1_xmin9689_ymin25668_MPP-0.2500.png: _rowmin0_rowmax2500_colmin0_colmax2500
INFO:TCGA-A7-A26I-DX1_xmin9689_ymin25668_MPP-0.2500.png: _rowmin0_rowmax2500_colmin849_colmax3349
INFO:TCGA-A7-A26I-DX1_xmin9689_ymin25668_MPP-0.2500.png: _rowmin26_rowmax2526_colmin0_colmax2500
INFO:TCGA-A7-A26I-DX1_xmin9689_ymin25668_MPP-0.2500.png: _rowmin26_rowmax2526_colmin849_colmax3349
INFO: --- Image 26 of 161 (TCGA-A7-A4SD-DX1_xmin53807_ymin11871_MPP-0.2500.png) --- 
INFO:TCGA-A7-A4SD-DX1_xmin53807_ymin11871_MPP-0.2500.png: _rowmin0_rowmax2500_colmin0_colmax2059
INFO:TCGA-A7-A4SD-DX1_xmin53807_ymin11871_MPP-0.2500.png: _rowmin593_rowmax3093_colmin0_colmax2059
INFO: --- Image 27 of 161 (TCGA-A7-A4SE-DX1_xmin50530_ymin11318_MPP-0.2500.png) --- 
INFO:TCGA-A7-A4SE-DX1_xmin50530_ymin11318_MPP-0.2500.png: _rowmin0_rowmax1248_colmin0_colmax1382
INFO: --- Image 28 of 161 (TCGA-A7-A5ZV-DX1_xmin103009_ymin26581_MPP-0.2500.png) --- 
INFO:TCGA-A7-A5ZV-DX1_xmin103009_ymin26581_MPP-0.2500.png: _rowmin0_rowmax2500_colmin0_colmax2500
INFO:TCGA-A7-A5ZV-DX1_xmin103009_ymin26581_MPP-0.2500.png: _rowmin0_rowmax2500_colmin1391_colmax3891
INFO:TCGA-A7-A5ZV-DX1_xmin103009_ymin26581_MPP-0.2500.png: _rowmin152_rowmax2652_colmin0_colmax2500
INFO:TCGA-A7-A5ZV-DX1_xmin103009_ymin26581_MPP-0.2500.png: _rowmin152_rowmax2652_colmin1391_colmax3891
INFO: --- Image 29 of 161 (TCGA-A7-A6VV-DX1_xmin48674_ymin37475_MPP-0.2500.png) --- 
INFO:TCGA-A7-A6VV-DX1_xmin48674_ymin37475_MPP-0.2500.png: _rowmin0_rowmax2500_colmin0_colmax2500
INFO:TCGA-A7-A6VV-DX1_xmin48674_ymin37475_MPP-0.2500.png: _rowmin0_rowmax2500_colmin2018_colmax4518
INFO:TCGA-A7-A6VV-DX1_xmin48674_ymin37475_MPP-0.2500.png: _rowmin550_rowmax3050_colmin0_colmax2500
INFO:TCGA-A7-A6VV-DX1_xmin48674_ymin37475_MPP-0.2500.png: _rowmin550_rowmax3050_colmin2018_colmax4518
INFO: --- Image 30 of 161 (TCGA-A7-A6VW-DX1_xmin69350_ymin15716_MPP-0.2500.png) --- 
INFO:TCGA-A7-A6VW-DX1_xmin69350_ymin15716_MPP-0.2500.png: _rowmin0_rowmax2500_colmin0_colmax2500
INFO:TCGA-A7-A6VW-DX1_xmin69350_ymin15716_MPP-0.2500.png: _rowmin0_rowmax2500_colmin609_colmax3109
INFO:TCGA-A7-A6VW-DX1_xmin69350_ymin15716_MPP-0.2500.png: _rowmin646_rowmax3146_colmin0_colmax2500
INFO:TCGA-A7-A6VW-DX1_xmin69350_ymin15716_MPP-0.2500.png: _rowmin646_rowmax3146_colmin609_colmax3109
INFO: --- Image 31 of 161 (TCGA-A7-A6VY-DX1_xmin7308_ymin29955_MPP-0.2500.png) --- 
INFO:TCGA-A7-A6VY-DX1_xmin7308_ymin29955_MPP-0.2500.png: _rowmin0_rowmax2238_colmin0_colmax2500
INFO:TCGA-A7-A6VY-DX1_xmin7308_ymin29955_MPP-0.2500.png: _rowmin0_rowmax2238_colmin393_colmax2893
INFO: --- Image 32 of 161 (TCGA-A8-A07C-DX1_xmin23538_ymin17397_MPP-0.2500.png) --- 
INFO:TCGA-A8-A07C-DX1_xmin23538_ymin17397_MPP-0.2500.png: _rowmin0_rowmax2500_colmin0_colmax2500
INFO:TCGA-A8-A07C-DX1_xmin23538_ymin17397_MPP-0.2500.png: _rowmin0_rowmax2500_colmin1072_colmax3572
INFO:TCGA-A8-A07C-DX1_xmin23538_ymin17397_MPP-0.2500.png: _rowmin457_rowmax2957_colmin0_colmax2500
INFO:TCGA-A8-A07C-DX1_xmin23538_ymin17397_MPP-0.2500.png: _rowmin457_rowmax2957_colmin1072_colmax3572
INFO: --- Image 33 of 161 (TCGA-A8-A07O-DX1_xmin11777_ymin16227_MPP-0.2500.png) --- 
INFO:TCGA-A8-A07O-DX1_xmin11777_ymin16227_MPP-0.2500.png: _rowmin0_rowmax2500_colmin0_colmax2500
INFO:TCGA-A8-A07O-DX1_xmin11777_ymin16227_MPP-0.2500.png: _rowmin0_rowmax2500_colmin2377_colmax4877
INFO:TCGA-A8-A07O-DX1_xmin11777_ymin16227_MPP-0.2500.png: _rowmin4_rowmax2504_colmin0_colmax2500
INFO:TCGA-A8-A07O-DX1_xmin11777_ymin16227_MPP-0.2500.png: _rowmin4_rowmax2504_colmin2377_colmax4877
INFO: --- Image 34 of 161 (TCGA-A8-A08R-DX1_xmin14220_ymin13782_MPP-0.2500.png) --- 
INFO:TCGA-A8-A08R-DX1_xmin14220_ymin13782_MPP-0.2500.png: _rowmin0_rowmax2500_colmin0_colmax2500
INFO:TCGA-A8-A08R-DX1_xmin14220_ymin13782_MPP-0.2500.png: _rowmin0_rowmax2500_colmin942_colmax3442
INFO:TCGA-A8-A08R-DX1_xmin14220_ymin13782_MPP-0.2500.png: _rowmin71_rowmax2571_colmin0_colmax2500
INFO:TCGA-A8-A08R-DX1_xmin14220_ymin13782_MPP-0.2500.png: _rowmin71_rowmax2571_colmin942_colmax3442
INFO: --- Image 35 of 161 (TCGA-A8-A09X-DX1_xmin55379_ymin38394_MPP-0.2500.png) --- 
INFO:TCGA-A8-A09X-DX1_xmin55379_ymin38394_MPP-0.2500.png: _rowmin0_rowmax2500_colmin0_colmax2500
INFO:TCGA-A8-A09X-DX1_xmin55379_ymin38394_MPP-0.2500.png: _rowmin0_rowmax2500_colmin1057_colmax3557
INFO:TCGA-A8-A09X-DX1_xmin55379_ymin38394_MPP-0.2500.png: _rowmin666_rowmax3166_colmin0_colmax2500
INFO:TCGA-A8-A09X-DX1_xmin55379_ymin38394_MPP-0.2500.png: _rowmin666_rowmax3166_colmin1057_colmax3557
INFO: --- Image 36 of 161 (TCGA-AC-A2BK-DX1_xmin15426_ymin8344_MPP-0.2500.png) --- 
INFO:TCGA-AC-A2BK-DX1_xmin15426_ymin8344_MPP-0.2500.png: _rowmin0_rowmax2500_colmin0_colmax2500
INFO:TCGA-AC-A2BK-DX1_xmin15426_ymin8344_MPP-0.2500.png: _rowmin0_rowmax2500_colmin789_colmax3289
INFO:TCGA-AC-A2BK-DX1_xmin15426_ymin8344_MPP-0.2500.png: _rowmin82_rowmax2582_colmin0_colmax2500
INFO:TCGA-AC-A2BK-DX1_xmin15426_ymin8344_MPP-0.2500.png: _rowmin82_rowmax2582_colmin789_colmax3289
INFO: --- Image 37 of 161 (TCGA-AC-A2QH-DX1_xmin42173_ymin16859_MPP-0.2500.png) --- 
INFO:TCGA-AC-A2QH-DX1_xmin42173_ymin16859_MPP-0.2500.png: _rowmin0_rowmax2500_colmin0_colmax2500
INFO:TCGA-AC-A2QH-DX1_xmin42173_ymin16859_MPP-0.2500.png: _rowmin0_rowmax2500_colmin2460_colmax4960
INFO:TCGA-AC-A2QH-DX1_xmin42173_ymin16859_MPP-0.2500.png: _rowmin2351_rowmax4851_colmin0_colmax2500
INFO:TCGA-AC-A2QH-DX1_xmin42173_ymin16859_MPP-0.2500.png: _rowmin2351_rowmax4851_colmin2460_colmax4960
INFO: --- Image 38 of 161 (TCGA-AC-A2QJ-DX1_xmin36620_ymin8672_MPP-0.2500.png) --- 
INFO:TCGA-AC-A2QJ-DX1_xmin36620_ymin8672_MPP-0.2500.png: _rowmin0_rowmax2500_colmin0_colmax2114
INFO:TCGA-AC-A2QJ-DX1_xmin36620_ymin8672_MPP-0.2500.png: _rowmin2107_rowmax4607_colmin0_colmax2114
INFO: --- Image 39 of 161 (TCGA-AC-A6IW-DX1_xmin15387_ymin6222_MPP-0.2500.png) --- 
INFO:TCGA-AC-A6IW-DX1_xmin15387_ymin6222_MPP-0.2500.png: _rowmin0_rowmax2500_colmin0_colmax2135
INFO:TCGA-AC-A6IW-DX1_xmin15387_ymin6222_MPP-0.2500.png: _rowmin715_rowmax3215_colmin0_colmax2135
INFO: --- Image 40 of 161 (TCGA-AC-A7VC-DX1_xmin20658_ymin22410_MPP-0.2500.png) --- 
INFO:TCGA-AC-A7VC-DX1_xmin20658_ymin22410_MPP-0.2500.png: _rowmin0_rowmax2500_colmin0_colmax2500
INFO:TCGA-AC-A7VC-DX1_xmin20658_ymin22410_MPP-0.2500.png: _rowmin0_rowmax2500_colmin1609_colmax4109
INFO:TCGA-AC-A7VC-DX1_xmin20658_ymin22410_MPP-0.2500.png: _rowmin1211_rowmax3711_colmin0_colmax2500
INFO:TCGA-AC-A7VC-DX1_xmin20658_ymin22410_MPP-0.2500.png: _rowmin1211_rowmax3711_colmin1609_colmax4109
INFO: --- Image 41 of 161 (TCGA-AN-A0AL-DX1_xmin15698_ymin29806_MPP-0.2500.png) --- 
INFO:TCGA-AN-A0AL-DX1_xmin15698_ymin29806_MPP-0.2500.png: _rowmin0_rowmax2458_colmin0_colmax2500
INFO:TCGA-AN-A0AL-DX1_xmin15698_ymin29806_MPP-0.2500.png: _rowmin0_rowmax2458_colmin2500_colmax5000
INFO:TCGA-AN-A0AL-DX1_xmin15698_ymin29806_MPP-0.2500.png: _rowmin0_rowmax2458_colmin3650_colmax6150
INFO: --- Image 42 of 161 (TCGA-AN-A0AR-DX1_xmin8468_ymin21166_MPP-0.2500.png) --- 
INFO:TCGA-AN-A0AR-DX1_xmin8468_ymin21166_MPP-0.2500.png: _rowmin0_rowmax2500_colmin0_colmax2500
INFO:TCGA-AN-A0AR-DX1_xmin8468_ymin21166_MPP-0.2500.png: _rowmin0_rowmax2500_colmin282_colmax2782
INFO:TCGA-AN-A0AR-DX1_xmin8468_ymin21166_MPP-0.2500.png: _rowmin2417_rowmax4917_colmin0_colmax2500
INFO:TCGA-AN-A0AR-DX1_xmin8468_ymin21166_MPP-0.2500.png: _rowmin2417_rowmax4917_colmin282_colmax2782
INFO: --- Image 43 of 161 (TCGA-AN-A0AT-DX1_xmin31171_ymin35756_MPP-0.2500.png) --- 
INFO:TCGA-AN-A0AT-DX1_xmin31171_ymin35756_MPP-0.2500.png: _rowmin0_rowmax2500_colmin0_colmax2500
INFO:TCGA-AN-A0AT-DX1_xmin31171_ymin35756_MPP-0.2500.png: _rowmin0_rowmax2500_colmin571_colmax3071
INFO:TCGA-AN-A0AT-DX1_xmin31171_ymin35756_MPP-0.2500.png: _rowmin869_rowmax3369_colmin0_colmax2500
INFO:TCGA-AN-A0AT-DX1_xmin31171_ymin35756_MPP-0.2500.png: _rowmin869_rowmax3369_colmin571_colmax3071
INFO: --- Image 44 of 161 (TCGA-AN-A0G0-DX1_xmin32741_ymin14546_MPP-0.2500.png) --- 
INFO:TCGA-AN-A0G0-DX1_xmin32741_ymin14546_MPP-0.2500.png: _rowmin0_rowmax2500_colmin0_colmax2500
INFO:TCGA-AN-A0G0-DX1_xmin32741_ymin14546_MPP-0.2500.png: _rowmin0_rowmax2500_colmin1473_colmax3973
INFO:TCGA-AN-A0G0-DX1_xmin32741_ymin14546_MPP-0.2500.png: _rowmin528_rowmax3028_colmin0_colmax2500
INFO:TCGA-AN-A0G0-DX1_xmin32741_ymin14546_MPP-0.2500.png: _rowmin528_rowmax3028_colmin1473_colmax3973
INFO: --- Image 45 of 161 (TCGA-AN-A0XU-DX1_xmin26118_ymin18441_MPP-0.2500.png) --- 
INFO:TCGA-AN-A0XU-DX1_xmin26118_ymin18441_MPP-0.2500.png: _rowmin0_rowmax2500_colmin0_colmax2500
INFO:TCGA-AN-A0XU-DX1_xmin26118_ymin18441_MPP-0.2500.png: _rowmin0_rowmax2500_colmin2500_colmax5000
INFO:TCGA-AN-A0XU-DX1_xmin26118_ymin18441_MPP-0.2500.png: _rowmin0_rowmax2500_colmin4711_colmax7211
INFO:TCGA-AN-A0XU-DX1_xmin26118_ymin18441_MPP-0.2500.png: _rowmin1144_rowmax3644_colmin0_colmax2500
INFO:TCGA-AN-A0XU-DX1_xmin26118_ymin18441_MPP-0.2500.png: _rowmin1144_rowmax3644_colmin2500_colmax5000
INFO:TCGA-AN-A0XU-DX1_xmin26118_ymin18441_MPP-0.2500.png: _rowmin1144_rowmax3644_colmin4711_colmax7211
INFO: --- Image 46 of 161 (TCGA-AO-A03U-DX1_xmin17362_ymin25363_MPP-0.2500.png) --- 
INFO:TCGA-AO-A03U-DX1_xmin17362_ymin25363_MPP-0.2500.png: _rowmin0_rowmax2500_colmin0_colmax2500
INFO:TCGA-AO-A03U-DX1_xmin17362_ymin25363_MPP-0.2500.png: _rowmin0_rowmax2500_colmin2500_colmax5000
INFO:TCGA-AO-A03U-DX1_xmin17362_ymin25363_MPP-0.2500.png: _rowmin0_rowmax2500_colmin3663_colmax6163
INFO:TCGA-AO-A03U-DX1_xmin17362_ymin25363_MPP-0.2500.png: _rowmin1959_rowmax4459_colmin0_colmax2500
INFO:TCGA-AO-A03U-DX1_xmin17362_ymin25363_MPP-0.2500.png: _rowmin1959_rowmax4459_colmin2500_colmax5000
INFO:TCGA-AO-A03U-DX1_xmin17362_ymin25363_MPP-0.2500.png: _rowmin1959_rowmax4459_colmin3663_colmax6163
INFO: --- Image 47 of 161 (TCGA-AO-A0J2-DX1_xmin33561_ymin14515_MPP-0.2500.png) --- 
INFO:TCGA-AO-A0J2-DX1_xmin33561_ymin14515_MPP-0.2500.png: _rowmin0_rowmax2500_colmin0_colmax2500
INFO:TCGA-AO-A0J2-DX1_xmin33561_ymin14515_MPP-0.2500.png: _rowmin0_rowmax2500_colmin1593_colmax4093
INFO:TCGA-AO-A0J2-DX1_xmin33561_ymin14515_MPP-0.2500.png: _rowmin312_rowmax2812_colmin0_colmax2500
INFO:TCGA-AO-A0J2-DX1_xmin33561_ymin14515_MPP-0.2500.png: _rowmin312_rowmax2812_colmin1593_colmax4093
INFO: --- Image 48 of 161 (TCGA-AO-A0J4-DX1_xmin17194_ymin10629_MPP-0.2500.png) --- 
INFO:TCGA-AO-A0J4-DX1_xmin17194_ymin10629_MPP-0.2500.png: _rowmin0_rowmax2500_colmin0_colmax2500
INFO:TCGA-AO-A0J4-DX1_xmin17194_ymin10629_MPP-0.2500.png: _rowmin0_rowmax2500_colmin2500_colmax5000
INFO:TCGA-AO-A0J4-DX1_xmin17194_ymin10629_MPP-0.2500.png: _rowmin0_rowmax2500_colmin4405_colmax6905
INFO:TCGA-AO-A0J4-DX1_xmin17194_ymin10629_MPP-0.2500.png: _rowmin628_rowmax3128_colmin0_colmax2500
INFO:TCGA-AO-A0J4-DX1_xmin17194_ymin10629_MPP-0.2500.png: _rowmin628_rowmax3128_colmin2500_colmax5000
INFO:TCGA-AO-A0J4-DX1_xmin17194_ymin10629_MPP-0.2500.png: _rowmin628_rowmax3128_colmin4405_colmax6905
INFO: --- Image 49 of 161 (TCGA-AO-A0J6-DX1_xmin40548_ymin11135_MPP-0.2500.png) --- 
INFO:TCGA-AO-A0J6-DX1_xmin40548_ymin11135_MPP-0.2500.png: _rowmin0_rowmax2500_colmin0_colmax2500
INFO:TCGA-AO-A0J6-DX1_xmin40548_ymin11135_MPP-0.2500.png: _rowmin0_rowmax2500_colmin2500_colmax5000
INFO:TCGA-AO-A0J6-DX1_xmin40548_ymin11135_MPP-0.2500.png: _rowmin0_rowmax2500_colmin3354_colmax5854
INFO:TCGA-AO-A0J6-DX1_xmin40548_ymin11135_MPP-0.2500.png: _rowmin651_rowmax3151_colmin0_colmax2500
INFO:TCGA-AO-A0J6-DX1_xmin40548_ymin11135_MPP-0.2500.png: _rowmin651_rowmax3151_colmin2500_colmax5000
INFO:TCGA-AO-A0J6-DX1_xmin40548_ymin11135_MPP-0.2500.png: _rowmin651_rowmax3151_colmin3354_colmax5854
INFO: --- Image 50 of 161 (TCGA-AO-A124-DX1_xmin16436_ymin1748_MPP-0.2500.png) --- 
INFO:TCGA-AO-A124-DX1_xmin16436_ymin1748_MPP-0.2500.png: _rowmin0_rowmax2500_colmin0_colmax2268
INFO:TCGA-AO-A124-DX1_xmin16436_ymin1748_MPP-0.2500.png: _rowmin693_rowmax3193_colmin0_colmax2268
INFO: --- Image 51 of 161 (TCGA-AO-A128-DX1_xmin11924_ymin4831_MPP-0.2500.png) --- 
INFO:TCGA-AO-A128-DX1_xmin11924_ymin4831_MPP-0.2500.png: _rowmin0_rowmax2422_colmin0_colmax2500
INFO:TCGA-AO-A128-DX1_xmin11924_ymin4831_MPP-0.2500.png: _rowmin0_rowmax2422_colmin501_colmax3001
INFO: --- Image 52 of 161 (TCGA-AO-A129-DX1_xmin37502_ymin12501_MPP-0.2500.png) --- 
INFO:TCGA-AO-A129-DX1_xmin37502_ymin12501_MPP-0.2500.png: _rowmin0_rowmax2500_colmin0_colmax2500
INFO:TCGA-AO-A129-DX1_xmin37502_ymin12501_MPP-0.2500.png: _rowmin0_rowmax2500_colmin2500_colmax5000
INFO:TCGA-AO-A129-DX1_xmin37502_ymin12501_MPP-0.2500.png: _rowmin0_rowmax2500_colmin4761_colmax7261
INFO:TCGA-AO-A129-DX1_xmin37502_ymin12501_MPP-0.2500.png: _rowmin761_rowmax3261_colmin0_colmax2500
INFO:TCGA-AO-A129-DX1_xmin37502_ymin12501_MPP-0.2500.png: _rowmin761_rowmax3261_colmin2500_colmax5000
INFO:TCGA-AO-A129-DX1_xmin37502_ymin12501_MPP-0.2500.png: _rowmin761_rowmax3261_colmin4761_colmax7261
INFO: --- Image 53 of 161 (TCGA-AO-A12F-DX1_xmin16484_ymin29374_MPP-0.2500.png) --- 
INFO:TCGA-AO-A12F-DX1_xmin16484_ymin29374_MPP-0.2500.png: _rowmin0_rowmax2306_colmin0_colmax2500
INFO:TCGA-AO-A12F-DX1_xmin16484_ymin29374_MPP-0.2500.png: _rowmin0_rowmax2306_colmin2500_colmax5000
INFO:TCGA-AO-A12F-DX1_xmin16484_ymin29374_MPP-0.2500.png: _rowmin0_rowmax2306_colmin3497_colmax5997
INFO: --- Image 54 of 161 (TCGA-AO-A1KR-DX1_xmin19591_ymin37667_MPP-0.2500.png) --- 
INFO:TCGA-AO-A1KR-DX1_xmin19591_ymin37667_MPP-0.2500.png: _rowmin0_rowmax2500_colmin0_colmax2500
INFO:TCGA-AO-A1KR-DX1_xmin19591_ymin37667_MPP-0.2500.png: _rowmin0_rowmax2500_colmin2500_colmax5000
INFO:TCGA-AO-A1KR-DX1_xmin19591_ymin37667_MPP-0.2500.png: _rowmin0_rowmax2500_colmin3667_colmax6167
INFO:TCGA-AO-A1KR-DX1_xmin19591_ymin37667_MPP-0.2500.png: _rowmin643_rowmax3143_colmin0_colmax2500
INFO:TCGA-AO-A1KR-DX1_xmin19591_ymin37667_MPP-0.2500.png: _rowmin643_rowmax3143_colmin2500_colmax5000
INFO:TCGA-AO-A1KR-DX1_xmin19591_ymin37667_MPP-0.2500.png: _rowmin643_rowmax3143_colmin3667_colmax6167
INFO: --- Image 55 of 161 (TCGA-AQ-A04J-DX1_xmin64631_ymin12074_MPP-0.2500.png) --- 
INFO:TCGA-AQ-A04J-DX1_xmin64631_ymin12074_MPP-0.2500.png: _rowmin0_rowmax2500_colmin0_colmax2271
INFO:TCGA-AQ-A04J-DX1_xmin64631_ymin12074_MPP-0.2500.png: _rowmin274_rowmax2774_colmin0_colmax2271
INFO: --- Image 56 of 161 (TCGA-AQ-A54N-DX1_xmin32440_ymin26558_MPP-0.2500.png) --- 
INFO:TCGA-AQ-A54N-DX1_xmin32440_ymin26558_MPP-0.2500.png: _rowmin0_rowmax2500_colmin0_colmax2500
INFO:TCGA-AQ-A54N-DX1_xmin32440_ymin26558_MPP-0.2500.png: _rowmin0_rowmax2500_colmin545_colmax3045
INFO:TCGA-AQ-A54N-DX1_xmin32440_ymin26558_MPP-0.2500.png: _rowmin688_rowmax3188_colmin0_colmax2500
INFO:TCGA-AQ-A54N-DX1_xmin32440_ymin26558_MPP-0.2500.png: _rowmin688_rowmax3188_colmin545_colmax3045
INFO: --- Image 57 of 161 (TCGA-AR-A0TS-DX1_xmin118843_ymin22812_MPP-0.2500.png) --- 
INFO:TCGA-AR-A0TS-DX1_xmin118843_ymin22812_MPP-0.2500.png: _rowmin0_rowmax2201_colmin0_colmax2500
INFO:TCGA-AR-A0TS-DX1_xmin118843_ymin22812_MPP-0.2500.png: _rowmin0_rowmax2201_colmin2500_colmax5000
INFO:TCGA-AR-A0TS-DX1_xmin118843_ymin22812_MPP-0.2500.png: _rowmin0_rowmax2201_colmin2656_colmax5156
INFO: --- Image 58 of 161 (TCGA-AR-A0TU-DX1_xmin88352_ymin23098_MPP-0.2500.png) --- 
INFO:TCGA-AR-A0TU-DX1_xmin88352_ymin23098_MPP-0.2500.png: _rowmin0_rowmax1990_colmin0_colmax2500
INFO:TCGA-AR-A0TU-DX1_xmin88352_ymin23098_MPP-0.2500.png: _rowmin0_rowmax1990_colmin76_colmax2576
INFO: --- Image 59 of 161 (TCGA-AR-A0U1-DX1_xmin63681_ymin24922_MPP-0.2500.png) --- 
INFO:TCGA-AR-A0U1-DX1_xmin63681_ymin24922_MPP-0.2500.png: _rowmin0_rowmax1916_colmin0_colmax2500
INFO:TCGA-AR-A0U1-DX1_xmin63681_ymin24922_MPP-0.2500.png: _rowmin0_rowmax1916_colmin914_colmax3414
INFO: --- Image 60 of 161 (TCGA-AR-A0U4-DX1_xmin41141_ymin69786_MPP-0.2500.png) --- 
INFO:TCGA-AR-A0U4-DX1_xmin41141_ymin69786_MPP-0.2500.png: _rowmin0_rowmax1921_colmin0_colmax2500
INFO:TCGA-AR-A0U4-DX1_xmin41141_ymin69786_MPP-0.2500.png: _rowmin0_rowmax1921_colmin2500_colmax5000
INFO:TCGA-AR-A0U4-DX1_xmin41141_ymin69786_MPP-0.2500.png: _rowmin0_rowmax1921_colmin3005_colmax5505
INFO: --- Image 61 of 161 (TCGA-AR-A1AI-DX1_xmin38671_ymin10616_MPP-0.2500.png) --- 
INFO:TCGA-AR-A1AI-DX1_xmin38671_ymin10616_MPP-0.2500.png: _rowmin0_rowmax2240_colmin0_colmax2500
INFO:TCGA-AR-A1AI-DX1_xmin38671_ymin10616_MPP-0.2500.png: _rowmin0_rowmax2240_colmin476_colmax2976
INFO: --- Image 62 of 161 (TCGA-AR-A1AQ-DX1_xmin18171_ymin38296_MPP-0.2500.png) --- 
INFO:TCGA-AR-A1AQ-DX1_xmin18171_ymin38296_MPP-0.2500.png: _rowmin0_rowmax2431_colmin0_colmax2500
INFO:TCGA-AR-A1AQ-DX1_xmin18171_ymin38296_MPP-0.2500.png: _rowmin0_rowmax2431_colmin149_colmax2649
INFO: --- Image 63 of 161 (TCGA-AR-A1AR-DX1_xmin12708_ymin29100_MPP-0.2500.png) --- 
INFO:TCGA-AR-A1AR-DX1_xmin12708_ymin29100_MPP-0.2500.png: _rowmin0_rowmax2500_colmin0_colmax2500
INFO:TCGA-AR-A1AR-DX1_xmin12708_ymin29100_MPP-0.2500.png: _rowmin0_rowmax2500_colmin2500_colmax5000
INFO:TCGA-AR-A1AR-DX1_xmin12708_ymin29100_MPP-0.2500.png: _rowmin0_rowmax2500_colmin2561_colmax5061
INFO:TCGA-AR-A1AR-DX1_xmin12708_ymin29100_MPP-0.2500.png: _rowmin699_rowmax3199_colmin0_colmax2500
INFO:TCGA-AR-A1AR-DX1_xmin12708_ymin29100_MPP-0.2500.png: _rowmin699_rowmax3199_colmin2500_colmax5000
INFO:TCGA-AR-A1AR-DX1_xmin12708_ymin29100_MPP-0.2500.png: _rowmin699_rowmax3199_colmin2561_colmax5061
INFO: --- Image 64 of 161 (TCGA-AR-A1AY-DX1_xmin62652_ymin27061_MPP-0.2500.png) --- 
INFO:TCGA-AR-A1AY-DX1_xmin62652_ymin27061_MPP-0.2500.png: _rowmin0_rowmax1806_colmin0_colmax2500
INFO:TCGA-AR-A1AY-DX1_xmin62652_ymin27061_MPP-0.2500.png: _rowmin0_rowmax1806_colmin124_colmax2624
INFO: --- Image 65 of 161 (TCGA-AR-A256-DX1_xmin41577_ymin17076_MPP-0.2500.png) --- 
INFO:TCGA-AR-A256-DX1_xmin41577_ymin17076_MPP-0.2500.png: _rowmin0_rowmax2170_colmin0_colmax2308
INFO: --- Image 66 of 161 (TCGA-AR-A2LH-DX1_xmin78480_ymin42305_MPP-0.2500.png) --- 
INFO:TCGA-AR-A2LH-DX1_xmin78480_ymin42305_MPP-0.2500.png: _rowmin0_rowmax2500_colmin0_colmax2500
INFO:TCGA-AR-A2LH-DX1_xmin78480_ymin42305_MPP-0.2500.png: _rowmin0_rowmax2500_colmin1907_colmax4407
INFO:TCGA-AR-A2LH-DX1_xmin78480_ymin42305_MPP-0.2500.png: _rowmin634_rowmax3134_colmin0_colmax2500
INFO:TCGA-AR-A2LH-DX1_xmin78480_ymin42305_MPP-0.2500.png: _rowmin634_rowmax3134_colmin1907_colmax4407
INFO: --- Image 67 of 161 (TCGA-AR-A2LR-DX1_xmin46540_ymin31961_MPP-0.2500.png) --- 
INFO:TCGA-AR-A2LR-DX1_xmin46540_ymin31961_MPP-0.2500.png: _rowmin0_rowmax1845_colmin0_colmax2367
INFO: --- Image 68 of 161 (TCGA-AR-A5QQ-DX1_xmin107130_ymin49863_MPP-0.2500.png) --- 
INFO:TCGA-AR-A5QQ-DX1_xmin107130_ymin49863_MPP-0.2500.png: _rowmin0_rowmax2500_colmin0_colmax2500
INFO:TCGA-AR-A5QQ-DX1_xmin107130_ymin49863_MPP-0.2500.png: _rowmin0_rowmax2500_colmin1316_colmax3816
INFO:TCGA-AR-A5QQ-DX1_xmin107130_ymin49863_MPP-0.2500.png: _rowmin1376_rowmax3876_colmin0_colmax2500
INFO:TCGA-AR-A5QQ-DX1_xmin107130_ymin49863_MPP-0.2500.png: _rowmin1376_rowmax3876_colmin1316_colmax3816
INFO: --- Image 69 of 161 (TCGA-BH-A0AV-DX1_xmin77937_ymin57165_MPP-0.2500.png) --- 
INFO:TCGA-BH-A0AV-DX1_xmin77937_ymin57165_MPP-0.2500.png: _rowmin0_rowmax2500_colmin0_colmax2500
INFO:TCGA-BH-A0AV-DX1_xmin77937_ymin57165_MPP-0.2500.png: _rowmin0_rowmax2500_colmin1267_colmax3767
INFO:TCGA-BH-A0AV-DX1_xmin77937_ymin57165_MPP-0.2500.png: _rowmin282_rowmax2782_colmin0_colmax2500
INFO:TCGA-BH-A0AV-DX1_xmin77937_ymin57165_MPP-0.2500.png: _rowmin282_rowmax2782_colmin1267_colmax3767
INFO: --- Image 70 of 161 (TCGA-BH-A0B3-DX1_xmin82526_ymin42184_MPP-0.2500.png) --- 
INFO:TCGA-BH-A0B3-DX1_xmin82526_ymin42184_MPP-0.2500.png: _rowmin0_rowmax2233_colmin0_colmax2500
INFO:TCGA-BH-A0B3-DX1_xmin82526_ymin42184_MPP-0.2500.png: _rowmin0_rowmax2233_colmin2455_colmax4955
INFO: --- Image 71 of 161 (TCGA-BH-A0B9-DX1_xmin62727_ymin56697_MPP-0.2500.png) --- 
INFO:TCGA-BH-A0B9-DX1_xmin62727_ymin56697_MPP-0.2500.png: _rowmin0_rowmax2500_colmin0_colmax2500
INFO:TCGA-BH-A0B9-DX1_xmin62727_ymin56697_MPP-0.2500.png: _rowmin0_rowmax2500_colmin2500_colmax5000
INFO:TCGA-BH-A0B9-DX1_xmin62727_ymin56697_MPP-0.2500.png: _rowmin0_rowmax2500_colmin3342_colmax5842
INFO:TCGA-BH-A0B9-DX1_xmin62727_ymin56697_MPP-0.2500.png: _rowmin2500_rowmax5000_colmin0_colmax2500
INFO:TCGA-BH-A0B9-DX1_xmin62727_ymin56697_MPP-0.2500.png: _rowmin2500_rowmax5000_colmin2500_colmax5000
INFO:TCGA-BH-A0B9-DX1_xmin62727_ymin56697_MPP-0.2500.png: _rowmin2500_rowmax5000_colmin3342_colmax5842
INFO:TCGA-BH-A0B9-DX1_xmin62727_ymin56697_MPP-0.2500.png: _rowmin4049_rowmax6549_colmin0_colmax2500
INFO:TCGA-BH-A0B9-DX1_xmin62727_ymin56697_MPP-0.2500.png: _rowmin4049_rowmax6549_colmin2500_colmax5000
INFO:TCGA-BH-A0B9-DX1_xmin62727_ymin56697_MPP-0.2500.png: _rowmin4049_rowmax6549_colmin3342_colmax5842
INFO: --- Image 72 of 161 (TCGA-BH-A0BG-DX1_xmin64019_ymin24975_MPP-0.2500.png) --- 
INFO:TCGA-BH-A0BG-DX1_xmin64019_ymin24975_MPP-0.2500.png: _rowmin0_rowmax2500_colmin0_colmax2410
INFO:TCGA-BH-A0BG-DX1_xmin64019_ymin24975_MPP-0.2500.png: _rowmin2500_rowmax5000_colmin0_colmax2410
INFO:TCGA-BH-A0BG-DX1_xmin64019_ymin24975_MPP-0.2500.png: _rowmin2640_rowmax5140_colmin0_colmax2410
INFO: --- Image 73 of 161 (TCGA-BH-A0BL-DX1_xmin25219_ymin42847_MPP-0.2500.png) --- 
INFO:TCGA-BH-A0BL-DX1_xmin25219_ymin42847_MPP-0.2500.png: _rowmin0_rowmax2500_colmin0_colmax2500
INFO:TCGA-BH-A0BL-DX1_xmin25219_ymin42847_MPP-0.2500.png: _rowmin0_rowmax2500_colmin2451_colmax4951
INFO:TCGA-BH-A0BL-DX1_xmin25219_ymin42847_MPP-0.2500.png: _rowmin9_rowmax2509_colmin0_colmax2500
INFO:TCGA-BH-A0BL-DX1_xmin25219_ymin42847_MPP-0.2500.png: _rowmin9_rowmax2509_colmin2451_colmax4951
INFO: --- Image 74 of 161 (TCGA-BH-A0BW-DX1_xmin42346_ymin30843_MPP-0.2500.png) --- 
INFO:TCGA-BH-A0BW-DX1_xmin42346_ymin30843_MPP-0.2500.png: _rowmin0_rowmax2500_colmin0_colmax2500
INFO:TCGA-BH-A0BW-DX1_xmin42346_ymin30843_MPP-0.2500.png: _rowmin0_rowmax2500_colmin791_colmax3291
INFO:TCGA-BH-A0BW-DX1_xmin42346_ymin30843_MPP-0.2500.png: _rowmin2438_rowmax4938_colmin0_colmax2500
INFO:TCGA-BH-A0BW-DX1_xmin42346_ymin30843_MPP-0.2500.png: _rowmin2438_rowmax4938_colmin791_colmax3291
INFO: --- Image 75 of 161 (TCGA-BH-A0E0-DX1_xmin16640_ymin43761_MPP-0.2500.png) --- 
INFO:TCGA-BH-A0E0-DX1_xmin16640_ymin43761_MPP-0.2500.png: _rowmin0_rowmax2500_colmin0_colmax2500
INFO:TCGA-BH-A0E0-DX1_xmin16640_ymin43761_MPP-0.2500.png: _rowmin0_rowmax2500_colmin2393_colmax4893
INFO:TCGA-BH-A0E0-DX1_xmin16640_ymin43761_MPP-0.2500.png: _rowmin2253_rowmax4753_colmin0_colmax2500
INFO:TCGA-BH-A0E0-DX1_xmin16640_ymin43761_MPP-0.2500.png: _rowmin2253_rowmax4753_colmin2393_colmax4893
INFO: --- Image 76 of 161 (TCGA-BH-A0E6-DX1_xmin54786_ymin20002_MPP-0.2500.png) --- 
INFO:TCGA-BH-A0E6-DX1_xmin54786_ymin20002_MPP-0.2500.png: _rowmin0_rowmax2500_colmin0_colmax2500
INFO:TCGA-BH-A0E6-DX1_xmin54786_ymin20002_MPP-0.2500.png: _rowmin0_rowmax2500_colmin2500_colmax5000
INFO:TCGA-BH-A0E6-DX1_xmin54786_ymin20002_MPP-0.2500.png: _rowmin0_rowmax2500_colmin4749_colmax7249
INFO:TCGA-BH-A0E6-DX1_xmin54786_ymin20002_MPP-0.2500.png: _rowmin1370_rowmax3870_colmin0_colmax2500
INFO:TCGA-BH-A0E6-DX1_xmin54786_ymin20002_MPP-0.2500.png: _rowmin1370_rowmax3870_colmin2500_colmax5000
INFO:TCGA-BH-A0E6-DX1_xmin54786_ymin20002_MPP-0.2500.png: _rowmin1370_rowmax3870_colmin4749_colmax7249
INFO: --- Image 77 of 161 (TCGA-BH-A0RX-DX1_xmin69099_ymin22327_MPP-0.2500.png) --- 
INFO:TCGA-BH-A0RX-DX1_xmin69099_ymin22327_MPP-0.2500.png: _rowmin0_rowmax2500_colmin0_colmax2500
INFO:TCGA-BH-A0RX-DX1_xmin69099_ymin22327_MPP-0.2500.png: _rowmin0_rowmax2500_colmin2500_colmax5000
INFO:TCGA-BH-A0RX-DX1_xmin69099_ymin22327_MPP-0.2500.png: _rowmin0_rowmax2500_colmin3203_colmax5703
INFO:TCGA-BH-A0RX-DX1_xmin69099_ymin22327_MPP-0.2500.png: _rowmin718_rowmax3218_colmin0_colmax2500
INFO:TCGA-BH-A0RX-DX1_xmin69099_ymin22327_MPP-0.2500.png: _rowmin718_rowmax3218_colmin2500_colmax5000
INFO:TCGA-BH-A0RX-DX1_xmin69099_ymin22327_MPP-0.2500.png: _rowmin718_rowmax3218_colmin3203_colmax5703
INFO: --- Image 78 of 161 (TCGA-BH-A0WA-DX1_xmin56581_ymin24774_MPP-0.2500.png) --- 
INFO:TCGA-BH-A0WA-DX1_xmin56581_ymin24774_MPP-0.2500.png: _rowmin0_rowmax2500_colmin0_colmax2500
INFO:TCGA-BH-A0WA-DX1_xmin56581_ymin24774_MPP-0.2500.png: _rowmin0_rowmax2500_colmin2500_colmax5000
INFO:TCGA-BH-A0WA-DX1_xmin56581_ymin24774_MPP-0.2500.png: _rowmin0_rowmax2500_colmin5000_colmax7500
INFO:TCGA-BH-A0WA-DX1_xmin56581_ymin24774_MPP-0.2500.png: _rowmin0_rowmax2500_colmin5075_colmax7575
INFO:TCGA-BH-A0WA-DX1_xmin56581_ymin24774_MPP-0.2500.png: _rowmin2500_rowmax5000_colmin0_colmax2500
INFO:TCGA-BH-A0WA-DX1_xmin56581_ymin24774_MPP-0.2500.png: _rowmin2500_rowmax5000_colmin2500_colmax5000
INFO:TCGA-BH-A0WA-DX1_xmin56581_ymin24774_MPP-0.2500.png: _rowmin2500_rowmax5000_colmin5000_colmax7500
INFO:TCGA-BH-A0WA-DX1_xmin56581_ymin24774_MPP-0.2500.png: _rowmin2500_rowmax5000_colmin5075_colmax7575
INFO:TCGA-BH-A0WA-DX1_xmin56581_ymin24774_MPP-0.2500.png: _rowmin5000_rowmax7500_colmin0_colmax2500
INFO:TCGA-BH-A0WA-DX1_xmin56581_ymin24774_MPP-0.2500.png: _rowmin5000_rowmax7500_colmin2500_colmax5000
INFO:TCGA-BH-A0WA-DX1_xmin56581_ymin24774_MPP-0.2500.png: _rowmin5000_rowmax7500_colmin5000_colmax7500
INFO:TCGA-BH-A0WA-DX1_xmin56581_ymin24774_MPP-0.2500.png: _rowmin5000_rowmax7500_colmin5075_colmax7575
INFO:TCGA-BH-A0WA-DX1_xmin56581_ymin24774_MPP-0.2500.png: _rowmin5217_rowmax7717_colmin0_colmax2500
INFO:TCGA-BH-A0WA-DX1_xmin56581_ymin24774_MPP-0.2500.png: _rowmin5217_rowmax7717_colmin2500_colmax5000
INFO:TCGA-BH-A0WA-DX1_xmin56581_ymin24774_MPP-0.2500.png: _rowmin5217_rowmax7717_colmin5000_colmax7500
INFO:TCGA-BH-A0WA-DX1_xmin56581_ymin24774_MPP-0.2500.png: _rowmin5217_rowmax7717_colmin5075_colmax7575
INFO: --- Image 79 of 161 (TCGA-BH-A18G-DX1_xmin16831_ymin497_MPP-0.2500.png) --- 
INFO:TCGA-BH-A18G-DX1_xmin16831_ymin497_MPP-0.2500.png: _rowmin0_rowmax2500_colmin0_colmax1444
INFO:TCGA-BH-A18G-DX1_xmin16831_ymin497_MPP-0.2500.png: _rowmin2327_rowmax4827_colmin0_colmax1444
INFO: --- Image 80 of 161 (TCGA-BH-A18V-DX1_xmin50030_ymin48454_MPP-0.2500.png) --- 
INFO:TCGA-BH-A18V-DX1_xmin50030_ymin48454_MPP-0.2500.png: _rowmin0_rowmax2500_colmin0_colmax2500
INFO:TCGA-BH-A18V-DX1_xmin50030_ymin48454_MPP-0.2500.png: _rowmin0_rowmax2500_colmin2500_colmax5000
INFO:TCGA-BH-A18V-DX1_xmin50030_ymin48454_MPP-0.2500.png: _rowmin0_rowmax2500_colmin3292_colmax5792
INFO:TCGA-BH-A18V-DX1_xmin50030_ymin48454_MPP-0.2500.png: _rowmin2175_rowmax4675_colmin0_colmax2500
INFO:TCGA-BH-A18V-DX1_xmin50030_ymin48454_MPP-0.2500.png: _rowmin2175_rowmax4675_colmin2500_colmax5000
INFO:TCGA-BH-A18V-DX1_xmin50030_ymin48454_MPP-0.2500.png: _rowmin2175_rowmax4675_colmin3292_colmax5792
INFO: --- Image 81 of 161 (TCGA-BH-A1EW-DX1_xmin66752_ymin42706_MPP-0.2500.png) --- 
INFO:TCGA-BH-A1EW-DX1_xmin66752_ymin42706_MPP-0.2500.png: _rowmin0_rowmax2500_colmin0_colmax2500
INFO:TCGA-BH-A1EW-DX1_xmin66752_ymin42706_MPP-0.2500.png: _rowmin0_rowmax2500_colmin1995_colmax4495
INFO:TCGA-BH-A1EW-DX1_xmin66752_ymin42706_MPP-0.2500.png: _rowmin661_rowmax3161_colmin0_colmax2500
INFO:TCGA-BH-A1EW-DX1_xmin66752_ymin42706_MPP-0.2500.png: _rowmin661_rowmax3161_colmin1995_colmax4495
INFO: --- Image 82 of 161 (TCGA-BH-A1F6-DX1_xmin53806_ymin49901_MPP-0.2500.png) --- 
INFO:TCGA-BH-A1F6-DX1_xmin53806_ymin49901_MPP-0.2500.png: _rowmin0_rowmax2500_colmin0_colmax2500
INFO:TCGA-BH-A1F6-DX1_xmin53806_ymin49901_MPP-0.2500.png: _rowmin0_rowmax2500_colmin2500_colmax5000
INFO:TCGA-BH-A1F6-DX1_xmin53806_ymin49901_MPP-0.2500.png: _rowmin0_rowmax2500_colmin2579_colmax5079
INFO:TCGA-BH-A1F6-DX1_xmin53806_ymin49901_MPP-0.2500.png: _rowmin1431_rowmax3931_colmin0_colmax2500
INFO:TCGA-BH-A1F6-DX1_xmin53806_ymin49901_MPP-0.2500.png: _rowmin1431_rowmax3931_colmin2500_colmax5000
INFO:TCGA-BH-A1F6-DX1_xmin53806_ymin49901_MPP-0.2500.png: _rowmin1431_rowmax3931_colmin2579_colmax5079
INFO: --- Image 83 of 161 (TCGA-BH-A1FC-DX1_xmin52216_ymin33355_MPP-0.2500.png) --- 
INFO:TCGA-BH-A1FC-DX1_xmin52216_ymin33355_MPP-0.2500.png: _rowmin0_rowmax2500_colmin0_colmax2500
INFO:TCGA-BH-A1FC-DX1_xmin52216_ymin33355_MPP-0.2500.png: _rowmin0_rowmax2500_colmin2500_colmax5000
INFO:TCGA-BH-A1FC-DX1_xmin52216_ymin33355_MPP-0.2500.png: _rowmin0_rowmax2500_colmin3316_colmax5816
INFO:TCGA-BH-A1FC-DX1_xmin52216_ymin33355_MPP-0.2500.png: _rowmin995_rowmax3495_colmin0_colmax2500
INFO:TCGA-BH-A1FC-DX1_xmin52216_ymin33355_MPP-0.2500.png: _rowmin995_rowmax3495_colmin2500_colmax5000
INFO:TCGA-BH-A1FC-DX1_xmin52216_ymin33355_MPP-0.2500.png: _rowmin995_rowmax3495_colmin3316_colmax5816
INFO: --- Image 84 of 161 (TCGA-BH-A42U-DX1_xmin72053_ymin88645_MPP-0.2500.png) --- 
INFO:TCGA-BH-A42U-DX1_xmin72053_ymin88645_MPP-0.2500.png: _rowmin0_rowmax1065_colmin0_colmax1917
INFO: --- Image 85 of 161 (TCGA-C8-A12V-DX1_xmin11056_ymin54401_MPP-0.2500.png) --- 
INFO:TCGA-C8-A12V-DX1_xmin11056_ymin54401_MPP-0.2500.png: _rowmin0_rowmax2500_colmin0_colmax2500
INFO:TCGA-C8-A12V-DX1_xmin11056_ymin54401_MPP-0.2500.png: _rowmin0_rowmax2500_colmin2500_colmax5000
INFO:TCGA-C8-A12V-DX1_xmin11056_ymin54401_MPP-0.2500.png: _rowmin0_rowmax2500_colmin3813_colmax6313
INFO:TCGA-C8-A12V-DX1_xmin11056_ymin54401_MPP-0.2500.png: _rowmin1424_rowmax3924_colmin0_colmax2500
INFO:TCGA-C8-A12V-DX1_xmin11056_ymin54401_MPP-0.2500.png: _rowmin1424_rowmax3924_colmin2500_colmax5000
INFO:TCGA-C8-A12V-DX1_xmin11056_ymin54401_MPP-0.2500.png: _rowmin1424_rowmax3924_colmin3813_colmax6313
INFO: --- Image 86 of 161 (TCGA-C8-A131-DX1_xmin43049_ymin10894_MPP-0.2500.png) --- 
INFO:TCGA-C8-A131-DX1_xmin43049_ymin10894_MPP-0.2500.png: _rowmin0_rowmax2207_colmin0_colmax2500
INFO:TCGA-C8-A131-DX1_xmin43049_ymin10894_MPP-0.2500.png: _rowmin0_rowmax2207_colmin118_colmax2618
INFO: --- Image 87 of 161 (TCGA-C8-A1HJ-DX1_xmin46412_ymin17174_MPP-0.2500.png) --- 
INFO:TCGA-C8-A1HJ-DX1_xmin46412_ymin17174_MPP-0.2500.png: _rowmin0_rowmax2500_colmin0_colmax2500
INFO:TCGA-C8-A1HJ-DX1_xmin46412_ymin17174_MPP-0.2500.png: _rowmin0_rowmax2500_colmin1938_colmax4438
INFO:TCGA-C8-A1HJ-DX1_xmin46412_ymin17174_MPP-0.2500.png: _rowmin353_rowmax2853_colmin0_colmax2500
INFO:TCGA-C8-A1HJ-DX1_xmin46412_ymin17174_MPP-0.2500.png: _rowmin353_rowmax2853_colmin1938_colmax4438
INFO: --- Image 88 of 161 (TCGA-C8-A26X-DX1_xmin8990_ymin27544_MPP-0.2500.png) --- 
INFO:TCGA-C8-A26X-DX1_xmin8990_ymin27544_MPP-0.2500.png: _rowmin0_rowmax2500_colmin0_colmax2500
INFO:TCGA-C8-A26X-DX1_xmin8990_ymin27544_MPP-0.2500.png: _rowmin0_rowmax2500_colmin2500_colmax5000
INFO:TCGA-C8-A26X-DX1_xmin8990_ymin27544_MPP-0.2500.png: _rowmin0_rowmax2500_colmin2512_colmax5012
INFO:TCGA-C8-A26X-DX1_xmin8990_ymin27544_MPP-0.2500.png: _rowmin2500_rowmax5000_colmin0_colmax2500
INFO:TCGA-C8-A26X-DX1_xmin8990_ymin27544_MPP-0.2500.png: _rowmin2500_rowmax5000_colmin2500_colmax5000
INFO:TCGA-C8-A26X-DX1_xmin8990_ymin27544_MPP-0.2500.png: _rowmin2500_rowmax5000_colmin2512_colmax5012
INFO:TCGA-C8-A26X-DX1_xmin8990_ymin27544_MPP-0.2500.png: _rowmin4274_rowmax6774_colmin0_colmax2500
INFO:TCGA-C8-A26X-DX1_xmin8990_ymin27544_MPP-0.2500.png: _rowmin4274_rowmax6774_colmin2500_colmax5000
INFO:TCGA-C8-A26X-DX1_xmin8990_ymin27544_MPP-0.2500.png: _rowmin4274_rowmax6774_colmin2512_colmax5012
INFO: --- Image 89 of 161 (TCGA-C8-A26Y-DX1_xmin29748_ymin36769_MPP-0.2500.png) --- 
INFO:TCGA-C8-A26Y-DX1_xmin29748_ymin36769_MPP-0.2500.png: _rowmin0_rowmax2500_colmin0_colmax2500
INFO:TCGA-C8-A26Y-DX1_xmin29748_ymin36769_MPP-0.2500.png: _rowmin0_rowmax2500_colmin2500_colmax5000
INFO:TCGA-C8-A26Y-DX1_xmin29748_ymin36769_MPP-0.2500.png: _rowmin0_rowmax2500_colmin2574_colmax5074
INFO:TCGA-C8-A26Y-DX1_xmin29748_ymin36769_MPP-0.2500.png: _rowmin1847_rowmax4347_colmin0_colmax2500
INFO:TCGA-C8-A26Y-DX1_xmin29748_ymin36769_MPP-0.2500.png: _rowmin1847_rowmax4347_colmin2500_colmax5000
INFO:TCGA-C8-A26Y-DX1_xmin29748_ymin36769_MPP-0.2500.png: _rowmin1847_rowmax4347_colmin2574_colmax5074
INFO: --- Image 90 of 161 (TCGA-C8-A27B-DX1_xmin52632_ymin11349_MPP-0.2500.png) --- 
INFO:TCGA-C8-A27B-DX1_xmin52632_ymin11349_MPP-0.2500.png: _rowmin0_rowmax2500_colmin0_colmax2500
INFO:TCGA-C8-A27B-DX1_xmin52632_ymin11349_MPP-0.2500.png: _rowmin0_rowmax2500_colmin2500_colmax5000
INFO:TCGA-C8-A27B-DX1_xmin52632_ymin11349_MPP-0.2500.png: _rowmin0_rowmax2500_colmin5000_colmax7500
INFO:TCGA-C8-A27B-DX1_xmin52632_ymin11349_MPP-0.2500.png: _rowmin0_rowmax2500_colmin6274_colmax8774
INFO:TCGA-C8-A27B-DX1_xmin52632_ymin11349_MPP-0.2500.png: _rowmin411_rowmax2911_colmin0_colmax2500
INFO:TCGA-C8-A27B-DX1_xmin52632_ymin11349_MPP-0.2500.png: _rowmin411_rowmax2911_colmin2500_colmax5000
INFO:TCGA-C8-A27B-DX1_xmin52632_ymin11349_MPP-0.2500.png: _rowmin411_rowmax2911_colmin5000_colmax7500
INFO:TCGA-C8-A27B-DX1_xmin52632_ymin11349_MPP-0.2500.png: _rowmin411_rowmax2911_colmin6274_colmax8774
INFO: --- Image 91 of 161 (TCGA-C8-A3M7-DX1_xmin41677_ymin66930_MPP-0.2500.png) --- 
INFO:TCGA-C8-A3M7-DX1_xmin41677_ymin66930_MPP-0.2500.png: _rowmin0_rowmax2500_colmin0_colmax2438
INFO:TCGA-C8-A3M7-DX1_xmin41677_ymin66930_MPP-0.2500.png: _rowmin2500_rowmax5000_colmin0_colmax2438
INFO:TCGA-C8-A3M7-DX1_xmin41677_ymin66930_MPP-0.2500.png: _rowmin3987_rowmax6487_colmin0_colmax2438
INFO: --- Image 92 of 161 (TCGA-D8-A13Z-DX1_xmin30985_ymin49337_MPP-0.2500.png) --- 
INFO:TCGA-D8-A13Z-DX1_xmin30985_ymin49337_MPP-0.2500.png: _rowmin0_rowmax2500_colmin0_colmax2500
INFO:TCGA-D8-A13Z-DX1_xmin30985_ymin49337_MPP-0.2500.png: _rowmin0_rowmax2500_colmin2500_colmax5000
INFO:TCGA-D8-A13Z-DX1_xmin30985_ymin49337_MPP-0.2500.png: _rowmin0_rowmax2500_colmin4227_colmax6727
INFO:TCGA-D8-A13Z-DX1_xmin30985_ymin49337_MPP-0.2500.png: _rowmin1945_rowmax4445_colmin0_colmax2500
INFO:TCGA-D8-A13Z-DX1_xmin30985_ymin49337_MPP-0.2500.png: _rowmin1945_rowmax4445_colmin2500_colmax5000
INFO:TCGA-D8-A13Z-DX1_xmin30985_ymin49337_MPP-0.2500.png: _rowmin1945_rowmax4445_colmin4227_colmax6727
INFO: --- Image 93 of 161 (TCGA-D8-A142-DX1_xmin62151_ymin41337_MPP-0.2500.png) --- 
INFO:TCGA-D8-A142-DX1_xmin62151_ymin41337_MPP-0.2500.png: _rowmin0_rowmax2500_colmin0_colmax2500
INFO:TCGA-D8-A142-DX1_xmin62151_ymin41337_MPP-0.2500.png: _rowmin0_rowmax2500_colmin2500_colmax5000
INFO:TCGA-D8-A142-DX1_xmin62151_ymin41337_MPP-0.2500.png: _rowmin0_rowmax2500_colmin5000_colmax7500
INFO:TCGA-D8-A142-DX1_xmin62151_ymin41337_MPP-0.2500.png: _rowmin0_rowmax2500_colmin6835_colmax9335
INFO:TCGA-D8-A142-DX1_xmin62151_ymin41337_MPP-0.2500.png: _rowmin2500_rowmax5000_colmin0_colmax2500
INFO:TCGA-D8-A142-DX1_xmin62151_ymin41337_MPP-0.2500.png: _rowmin2500_rowmax5000_colmin2500_colmax5000
INFO:TCGA-D8-A142-DX1_xmin62151_ymin41337_MPP-0.2500.png: _rowmin2500_rowmax5000_colmin5000_colmax7500
INFO:TCGA-D8-A142-DX1_xmin62151_ymin41337_MPP-0.2500.png: _rowmin2500_rowmax5000_colmin6835_colmax9335
INFO:TCGA-D8-A142-DX1_xmin62151_ymin41337_MPP-0.2500.png: _rowmin5000_rowmax7500_colmin0_colmax2500
INFO:TCGA-D8-A142-DX1_xmin62151_ymin41337_MPP-0.2500.png: _rowmin5000_rowmax7500_colmin2500_colmax5000
INFO:TCGA-D8-A142-DX1_xmin62151_ymin41337_MPP-0.2500.png: _rowmin5000_rowmax7500_colmin5000_colmax7500
INFO:TCGA-D8-A142-DX1_xmin62151_ymin41337_MPP-0.2500.png: _rowmin5000_rowmax7500_colmin6835_colmax9335
INFO:TCGA-D8-A142-DX1_xmin62151_ymin41337_MPP-0.2500.png: _rowmin6748_rowmax9248_colmin0_colmax2500
INFO:TCGA-D8-A142-DX1_xmin62151_ymin41337_MPP-0.2500.png: _rowmin6748_rowmax9248_colmin2500_colmax5000
INFO:TCGA-D8-A142-DX1_xmin62151_ymin41337_MPP-0.2500.png: _rowmin6748_rowmax9248_colmin5000_colmax7500
INFO:TCGA-D8-A142-DX1_xmin62151_ymin41337_MPP-0.2500.png: _rowmin6748_rowmax9248_colmin6835_colmax9335
INFO: --- Image 94 of 161 (TCGA-D8-A143-DX1_xmin52429_ymin19478_MPP-0.2500.png) --- 
INFO:TCGA-D8-A143-DX1_xmin52429_ymin19478_MPP-0.2500.png: _rowmin0_rowmax2500_colmin0_colmax2500
INFO:TCGA-D8-A143-DX1_xmin52429_ymin19478_MPP-0.2500.png: _rowmin0_rowmax2500_colmin2500_colmax5000
INFO:TCGA-D8-A143-DX1_xmin52429_ymin19478_MPP-0.2500.png: _rowmin0_rowmax2500_colmin3662_colmax6162
INFO:TCGA-D8-A143-DX1_xmin52429_ymin19478_MPP-0.2500.png: _rowmin2233_rowmax4733_colmin0_colmax2500
INFO:TCGA-D8-A143-DX1_xmin52429_ymin19478_MPP-0.2500.png: _rowmin2233_rowmax4733_colmin2500_colmax5000
INFO:TCGA-D8-A143-DX1_xmin52429_ymin19478_MPP-0.2500.png: _rowmin2233_rowmax4733_colmin3662_colmax6162
INFO: --- Image 95 of 161 (TCGA-D8-A147-DX1_xmin66394_ymin19298_MPP-0.2500.png) --- 
INFO:TCGA-D8-A147-DX1_xmin66394_ymin19298_MPP-0.2500.png: _rowmin0_rowmax2260_colmin0_colmax2500
INFO:TCGA-D8-A147-DX1_xmin66394_ymin19298_MPP-0.2500.png: _rowmin0_rowmax2260_colmin45_colmax2545
INFO: --- Image 96 of 161 (TCGA-D8-A1JF-DX1_xmin24865_ymin52345_MPP-0.2500.png) --- 
INFO:TCGA-D8-A1JF-DX1_xmin24865_ymin52345_MPP-0.2500.png: _rowmin0_rowmax2500_colmin0_colmax2500
INFO:TCGA-D8-A1JF-DX1_xmin24865_ymin52345_MPP-0.2500.png: _rowmin0_rowmax2500_colmin1654_colmax4154
INFO:TCGA-D8-A1JF-DX1_xmin24865_ymin52345_MPP-0.2500.png: _rowmin1526_rowmax4026_colmin0_colmax2500
INFO:TCGA-D8-A1JF-DX1_xmin24865_ymin52345_MPP-0.2500.png: _rowmin1526_rowmax4026_colmin1654_colmax4154
INFO: --- Image 97 of 161 (TCGA-D8-A1JG-DX1_xmin15677_ymin69205_MPP-0.2500.png) --- 
INFO:TCGA-D8-A1JG-DX1_xmin15677_ymin69205_MPP-0.2500.png: _rowmin0_rowmax2500_colmin0_colmax2500
INFO:TCGA-D8-A1JG-DX1_xmin15677_ymin69205_MPP-0.2500.png: _rowmin0_rowmax2500_colmin2500_colmax5000
INFO:TCGA-D8-A1JG-DX1_xmin15677_ymin69205_MPP-0.2500.png: _rowmin0_rowmax2500_colmin2842_colmax5342
INFO:TCGA-D8-A1JG-DX1_xmin15677_ymin69205_MPP-0.2500.png: _rowmin2500_rowmax5000_colmin0_colmax2500
INFO:TCGA-D8-A1JG-DX1_xmin15677_ymin69205_MPP-0.2500.png: _rowmin2500_rowmax5000_colmin2500_colmax5000
INFO:TCGA-D8-A1JG-DX1_xmin15677_ymin69205_MPP-0.2500.png: _rowmin2500_rowmax5000_colmin2842_colmax5342
INFO:TCGA-D8-A1JG-DX1_xmin15677_ymin69205_MPP-0.2500.png: _rowmin4441_rowmax6941_colmin0_colmax2500
INFO:TCGA-D8-A1JG-DX1_xmin15677_ymin69205_MPP-0.2500.png: _rowmin4441_rowmax6941_colmin2500_colmax5000
INFO:TCGA-D8-A1JG-DX1_xmin15677_ymin69205_MPP-0.2500.png: _rowmin4441_rowmax6941_colmin2842_colmax5342
INFO: --- Image 98 of 161 (TCGA-D8-A1JL-DX1_xmin39765_ymin24835_MPP-0.2500.png) --- 
INFO:TCGA-D8-A1JL-DX1_xmin39765_ymin24835_MPP-0.2500.png: _rowmin0_rowmax2500_colmin0_colmax2500
INFO:TCGA-D8-A1JL-DX1_xmin39765_ymin24835_MPP-0.2500.png: _rowmin0_rowmax2500_colmin2500_colmax5000
INFO:TCGA-D8-A1JL-DX1_xmin39765_ymin24835_MPP-0.2500.png: _rowmin0_rowmax2500_colmin5000_colmax7500
INFO:TCGA-D8-A1JL-DX1_xmin39765_ymin24835_MPP-0.2500.png: _rowmin0_rowmax2500_colmin7301_colmax9801
INFO:TCGA-D8-A1JL-DX1_xmin39765_ymin24835_MPP-0.2500.png: _rowmin2500_rowmax5000_colmin0_colmax2500
INFO:TCGA-D8-A1JL-DX1_xmin39765_ymin24835_MPP-0.2500.png: _rowmin2500_rowmax5000_colmin2500_colmax5000
INFO:TCGA-D8-A1JL-DX1_xmin39765_ymin24835_MPP-0.2500.png: _rowmin2500_rowmax5000_colmin5000_colmax7500
INFO:TCGA-D8-A1JL-DX1_xmin39765_ymin24835_MPP-0.2500.png: _rowmin2500_rowmax5000_colmin7301_colmax9801
INFO:TCGA-D8-A1JL-DX1_xmin39765_ymin24835_MPP-0.2500.png: _rowmin3998_rowmax6498_colmin0_colmax2500
INFO:TCGA-D8-A1JL-DX1_xmin39765_ymin24835_MPP-0.2500.png: _rowmin3998_rowmax6498_colmin2500_colmax5000
INFO:TCGA-D8-A1JL-DX1_xmin39765_ymin24835_MPP-0.2500.png: _rowmin3998_rowmax6498_colmin5000_colmax7500
INFO:TCGA-D8-A1JL-DX1_xmin39765_ymin24835_MPP-0.2500.png: _rowmin3998_rowmax6498_colmin7301_colmax9801
INFO: --- Image 99 of 161 (TCGA-D8-A1XK-DX1_xmin26340_ymin50273_MPP-0.2500.png) --- 
INFO:TCGA-D8-A1XK-DX1_xmin26340_ymin50273_MPP-0.2500.png: _rowmin0_rowmax2400_colmin0_colmax2500
INFO:TCGA-D8-A1XK-DX1_xmin26340_ymin50273_MPP-0.2500.png: _rowmin0_rowmax2400_colmin471_colmax2971
INFO: --- Image 100 of 161 (TCGA-D8-A1XQ-DX1_xmin61261_ymin33317_MPP-0.2500.png) --- 
INFO:TCGA-D8-A1XQ-DX1_xmin61261_ymin33317_MPP-0.2500.png: _rowmin0_rowmax2500_colmin0_colmax2500
INFO:TCGA-D8-A1XQ-DX1_xmin61261_ymin33317_MPP-0.2500.png: _rowmin0_rowmax2500_colmin2500_colmax5000
INFO:TCGA-D8-A1XQ-DX1_xmin61261_ymin33317_MPP-0.2500.png: _rowmin0_rowmax2500_colmin2655_colmax5155
INFO:TCGA-D8-A1XQ-DX1_xmin61261_ymin33317_MPP-0.2500.png: _rowmin1963_rowmax4463_colmin0_colmax2500
INFO:TCGA-D8-A1XQ-DX1_xmin61261_ymin33317_MPP-0.2500.png: _rowmin1963_rowmax4463_colmin2500_colmax5000
INFO:TCGA-D8-A1XQ-DX1_xmin61261_ymin33317_MPP-0.2500.png: _rowmin1963_rowmax4463_colmin2655_colmax5155
INFO: --- Image 101 of 161 (TCGA-D8-A27F-DX1_xmin98787_ymin6725_MPP-0.2500.png) --- 
INFO:TCGA-D8-A27F-DX1_xmin98787_ymin6725_MPP-0.2500.png: _rowmin0_rowmax2500_colmin0_colmax2500
INFO:TCGA-D8-A27F-DX1_xmin98787_ymin6725_MPP-0.2500.png: _rowmin0_rowmax2500_colmin1332_colmax3832
INFO:TCGA-D8-A27F-DX1_xmin98787_ymin6725_MPP-0.2500.png: _rowmin2500_rowmax5000_colmin0_colmax2500
INFO:TCGA-D8-A27F-DX1_xmin98787_ymin6725_MPP-0.2500.png: _rowmin2500_rowmax5000_colmin1332_colmax3832
INFO:TCGA-D8-A27F-DX1_xmin98787_ymin6725_MPP-0.2500.png: _rowmin2821_rowmax5321_colmin0_colmax2500
INFO:TCGA-D8-A27F-DX1_xmin98787_ymin6725_MPP-0.2500.png: _rowmin2821_rowmax5321_colmin1332_colmax3832
INFO: --- Image 102 of 161 (TCGA-D8-A27H-DX1_xmin8738_ymin8063_MPP-0.2500.png) --- 
INFO:TCGA-D8-A27H-DX1_xmin8738_ymin8063_MPP-0.2500.png: _rowmin0_rowmax2500_colmin0_colmax2500
INFO:TCGA-D8-A27H-DX1_xmin8738_ymin8063_MPP-0.2500.png: _rowmin0_rowmax2500_colmin283_colmax2783
INFO:TCGA-D8-A27H-DX1_xmin8738_ymin8063_MPP-0.2500.png: _rowmin511_rowmax3011_colmin0_colmax2500
INFO:TCGA-D8-A27H-DX1_xmin8738_ymin8063_MPP-0.2500.png: _rowmin511_rowmax3011_colmin283_colmax2783
INFO: --- Image 103 of 161 (TCGA-D8-A27M-DX1_xmin54473_ymin16109_MPP-0.2500.png) --- 
INFO:TCGA-D8-A27M-DX1_xmin54473_ymin16109_MPP-0.2500.png: _rowmin0_rowmax2500_colmin0_colmax2500
INFO:TCGA-D8-A27M-DX1_xmin54473_ymin16109_MPP-0.2500.png: _rowmin0_rowmax2500_colmin2500_colmax5000
INFO:TCGA-D8-A27M-DX1_xmin54473_ymin16109_MPP-0.2500.png: _rowmin0_rowmax2500_colmin2884_colmax5384
INFO:TCGA-D8-A27M-DX1_xmin54473_ymin16109_MPP-0.2500.png: _rowmin1908_rowmax4408_colmin0_colmax2500
INFO:TCGA-D8-A27M-DX1_xmin54473_ymin16109_MPP-0.2500.png: _rowmin1908_rowmax4408_colmin2500_colmax5000
INFO:TCGA-D8-A27M-DX1_xmin54473_ymin16109_MPP-0.2500.png: _rowmin1908_rowmax4408_colmin2884_colmax5384
INFO: --- Image 104 of 161 (TCGA-E2-A14N-DX1_xmin21383_ymin66838_MPP-0.2500.png) --- 
INFO:TCGA-E2-A14N-DX1_xmin21383_ymin66838_MPP-0.2500.png: _rowmin0_rowmax2500_colmin0_colmax2500
INFO:TCGA-E2-A14N-DX1_xmin21383_ymin66838_MPP-0.2500.png: _rowmin0_rowmax2500_colmin2500_colmax5000
INFO:TCGA-E2-A14N-DX1_xmin21383_ymin66838_MPP-0.2500.png: _rowmin0_rowmax2500_colmin4189_colmax6689
INFO:TCGA-E2-A14N-DX1_xmin21383_ymin66838_MPP-0.2500.png: _rowmin1801_rowmax4301_colmin0_colmax2500
INFO:TCGA-E2-A14N-DX1_xmin21383_ymin66838_MPP-0.2500.png: _rowmin1801_rowmax4301_colmin2500_colmax5000
INFO:TCGA-E2-A14N-DX1_xmin21383_ymin66838_MPP-0.2500.png: _rowmin1801_rowmax4301_colmin4189_colmax6689
INFO: --- Image 105 of 161 (TCGA-E2-A14R-DX1_xmin7751_ymin59308_MPP-0.2500.png) --- 
INFO:TCGA-E2-A14R-DX1_xmin7751_ymin59308_MPP-0.2500.png: _rowmin0_rowmax2191_colmin0_colmax2227
INFO: --- Image 106 of 161 (TCGA-E2-A14X-DX1_xmin88836_ymin66393_MPP-0.2500.png) --- 
INFO:TCGA-E2-A14X-DX1_xmin88836_ymin66393_MPP-0.2500.png: _rowmin0_rowmax2500_colmin0_colmax2500
INFO:TCGA-E2-A14X-DX1_xmin88836_ymin66393_MPP-0.2500.png: _rowmin0_rowmax2500_colmin1601_colmax4101
INFO:TCGA-E2-A14X-DX1_xmin88836_ymin66393_MPP-0.2500.png: _rowmin2240_rowmax4740_colmin0_colmax2500
INFO:TCGA-E2-A14X-DX1_xmin88836_ymin66393_MPP-0.2500.png: _rowmin2240_rowmax4740_colmin1601_colmax4101
INFO: --- Image 107 of 161 (TCGA-E2-A150-DX1_xmin42083_ymin62113_MPP-0.2500.png) --- 
INFO:TCGA-E2-A150-DX1_xmin42083_ymin62113_MPP-0.2500.png: _rowmin0_rowmax2500_colmin0_colmax2500
INFO:TCGA-E2-A150-DX1_xmin42083_ymin62113_MPP-0.2500.png: _rowmin0_rowmax2500_colmin1542_colmax4042
INFO:TCGA-E2-A150-DX1_xmin42083_ymin62113_MPP-0.2500.png: _rowmin662_rowmax3162_colmin0_colmax2500
INFO:TCGA-E2-A150-DX1_xmin42083_ymin62113_MPP-0.2500.png: _rowmin662_rowmax3162_colmin1542_colmax4042
INFO: --- Image 108 of 161 (TCGA-E2-A158-DX1_xmin56083_ymin25872_MPP-0.2500.png) --- 
INFO:TCGA-E2-A158-DX1_xmin56083_ymin25872_MPP-0.2500.png: _rowmin0_rowmax2129_colmin0_colmax2500
INFO:TCGA-E2-A158-DX1_xmin56083_ymin25872_MPP-0.2500.png: _rowmin0_rowmax2129_colmin645_colmax3145
INFO: --- Image 109 of 161 (TCGA-E2-A159-DX1_xmin38620_ymin28700_MPP-0.2500.png) --- 
INFO:TCGA-E2-A159-DX1_xmin38620_ymin28700_MPP-0.2500.png: _rowmin0_rowmax2500_colmin0_colmax2500
INFO:TCGA-E2-A159-DX1_xmin38620_ymin28700_MPP-0.2500.png: _rowmin0_rowmax2500_colmin2500_colmax5000
INFO:TCGA-E2-A159-DX1_xmin38620_ymin28700_MPP-0.2500.png: _rowmin0_rowmax2500_colmin3795_colmax6295
INFO:TCGA-E2-A159-DX1_xmin38620_ymin28700_MPP-0.2500.png: _rowmin1123_rowmax3623_colmin0_colmax2500
INFO:TCGA-E2-A159-DX1_xmin38620_ymin28700_MPP-0.2500.png: _rowmin1123_rowmax3623_colmin2500_colmax5000
INFO:TCGA-E2-A159-DX1_xmin38620_ymin28700_MPP-0.2500.png: _rowmin1123_rowmax3623_colmin3795_colmax6295
INFO: --- Image 110 of 161 (TCGA-E2-A1AZ-DX1_xmin50286_ymin17075_MPP-0.2500.png) --- 
INFO:TCGA-E2-A1AZ-DX1_xmin50286_ymin17075_MPP-0.2500.png: _rowmin0_rowmax2500_colmin0_colmax2500
INFO:TCGA-E2-A1AZ-DX1_xmin50286_ymin17075_MPP-0.2500.png: _rowmin0_rowmax2500_colmin209_colmax2709
INFO:TCGA-E2-A1AZ-DX1_xmin50286_ymin17075_MPP-0.2500.png: _rowmin547_rowmax3047_colmin0_colmax2500
INFO:TCGA-E2-A1AZ-DX1_xmin50286_ymin17075_MPP-0.2500.png: _rowmin547_rowmax3047_colmin209_colmax2709
INFO: --- Image 111 of 161 (TCGA-E2-A1B6-DX1_xmin16266_ymin50634_MPP-0.2500.png) --- 
INFO:TCGA-E2-A1B6-DX1_xmin16266_ymin50634_MPP-0.2500.png: _rowmin0_rowmax2500_colmin0_colmax2500
INFO:TCGA-E2-A1B6-DX1_xmin16266_ymin50634_MPP-0.2500.png: _rowmin0_rowmax2500_colmin2500_colmax5000
INFO:TCGA-E2-A1B6-DX1_xmin16266_ymin50634_MPP-0.2500.png: _rowmin0_rowmax2500_colmin2547_colmax5047
INFO:TCGA-E2-A1B6-DX1_xmin16266_ymin50634_MPP-0.2500.png: _rowmin2500_rowmax5000_colmin0_colmax2500
INFO:TCGA-E2-A1B6-DX1_xmin16266_ymin50634_MPP-0.2500.png: _rowmin2500_rowmax5000_colmin2500_colmax5000
INFO:TCGA-E2-A1B6-DX1_xmin16266_ymin50634_MPP-0.2500.png: _rowmin2500_rowmax5000_colmin2547_colmax5047
INFO:TCGA-E2-A1B6-DX1_xmin16266_ymin50634_MPP-0.2500.png: _rowmin2650_rowmax5150_colmin0_colmax2500
INFO:TCGA-E2-A1B6-DX1_xmin16266_ymin50634_MPP-0.2500.png: _rowmin2650_rowmax5150_colmin2500_colmax5000
INFO:TCGA-E2-A1B6-DX1_xmin16266_ymin50634_MPP-0.2500.png: _rowmin2650_rowmax5150_colmin2547_colmax5047
INFO: --- Image 112 of 161 (TCGA-E2-A1L7-DX1_xmin51554_ymin15424_MPP-0.2500.png) --- 
INFO:TCGA-E2-A1L7-DX1_xmin51554_ymin15424_MPP-0.2500.png: _rowmin0_rowmax2500_colmin0_colmax2500
INFO:TCGA-E2-A1L7-DX1_xmin51554_ymin15424_MPP-0.2500.png: _rowmin0_rowmax2500_colmin2500_colmax5000
INFO:TCGA-E2-A1L7-DX1_xmin51554_ymin15424_MPP-0.2500.png: _rowmin0_rowmax2500_colmin3707_colmax6207
INFO:TCGA-E2-A1L7-DX1_xmin51554_ymin15424_MPP-0.2500.png: _rowmin2092_rowmax4592_colmin0_colmax2500
INFO:TCGA-E2-A1L7-DX1_xmin51554_ymin15424_MPP-0.2500.png: _rowmin2092_rowmax4592_colmin2500_colmax5000
INFO:TCGA-E2-A1L7-DX1_xmin51554_ymin15424_MPP-0.2500.png: _rowmin2092_rowmax4592_colmin3707_colmax6207
INFO: --- Image 113 of 161 (TCGA-E2-A1LH-DX1_xmin22770_ymin24149_MPP-0.2500.png) --- 
INFO:TCGA-E2-A1LH-DX1_xmin22770_ymin24149_MPP-0.2500.png: _rowmin0_rowmax2500_colmin0_colmax2500
INFO:TCGA-E2-A1LH-DX1_xmin22770_ymin24149_MPP-0.2500.png: _rowmin0_rowmax2500_colmin757_colmax3257
INFO:TCGA-E2-A1LH-DX1_xmin22770_ymin24149_MPP-0.2500.png: _rowmin647_rowmax3147_colmin0_colmax2500
INFO:TCGA-E2-A1LH-DX1_xmin22770_ymin24149_MPP-0.2500.png: _rowmin647_rowmax3147_colmin757_colmax3257
INFO: --- Image 114 of 161 (TCGA-E2-A1LI-DX1_xmin44715_ymin18434_MPP-0.2500.png) --- 
INFO:TCGA-E2-A1LI-DX1_xmin44715_ymin18434_MPP-0.2500.png: _rowmin0_rowmax2500_colmin0_colmax2500
INFO:TCGA-E2-A1LI-DX1_xmin44715_ymin18434_MPP-0.2500.png: _rowmin0_rowmax2500_colmin2500_colmax5000
INFO:TCGA-E2-A1LI-DX1_xmin44715_ymin18434_MPP-0.2500.png: _rowmin0_rowmax2500_colmin3824_colmax6324
INFO:TCGA-E2-A1LI-DX1_xmin44715_ymin18434_MPP-0.2500.png: _rowmin2500_rowmax5000_colmin0_colmax2500
INFO:TCGA-E2-A1LI-DX1_xmin44715_ymin18434_MPP-0.2500.png: _rowmin2500_rowmax5000_colmin2500_colmax5000
INFO:TCGA-E2-A1LI-DX1_xmin44715_ymin18434_MPP-0.2500.png: _rowmin2500_rowmax5000_colmin3824_colmax6324
INFO:TCGA-E2-A1LI-DX1_xmin44715_ymin18434_MPP-0.2500.png: _rowmin2915_rowmax5415_colmin0_colmax2500
INFO:TCGA-E2-A1LI-DX1_xmin44715_ymin18434_MPP-0.2500.png: _rowmin2915_rowmax5415_colmin2500_colmax5000
INFO:TCGA-E2-A1LI-DX1_xmin44715_ymin18434_MPP-0.2500.png: _rowmin2915_rowmax5415_colmin3824_colmax6324
INFO: --- Image 115 of 161 (TCGA-E2-A1LK-DX1_xmin75611_ymin27593_MPP-0.2500.png) --- 
INFO:TCGA-E2-A1LK-DX1_xmin75611_ymin27593_MPP-0.2500.png: _rowmin0_rowmax2500_colmin0_colmax2500
INFO:TCGA-E2-A1LK-DX1_xmin75611_ymin27593_MPP-0.2500.png: _rowmin0_rowmax2500_colmin2500_colmax5000
INFO:TCGA-E2-A1LK-DX1_xmin75611_ymin27593_MPP-0.2500.png: _rowmin0_rowmax2500_colmin2503_colmax5003
INFO:TCGA-E2-A1LK-DX1_xmin75611_ymin27593_MPP-0.2500.png: _rowmin2500_rowmax5000_colmin0_colmax2500
INFO:TCGA-E2-A1LK-DX1_xmin75611_ymin27593_MPP-0.2500.png: _rowmin2500_rowmax5000_colmin2500_colmax5000
INFO:TCGA-E2-A1LK-DX1_xmin75611_ymin27593_MPP-0.2500.png: _rowmin2500_rowmax5000_colmin2503_colmax5003
INFO:TCGA-E2-A1LK-DX1_xmin75611_ymin27593_MPP-0.2500.png: _rowmin4036_rowmax6536_colmin0_colmax2500
INFO:TCGA-E2-A1LK-DX1_xmin75611_ymin27593_MPP-0.2500.png: _rowmin4036_rowmax6536_colmin2500_colmax5000
INFO:TCGA-E2-A1LK-DX1_xmin75611_ymin27593_MPP-0.2500.png: _rowmin4036_rowmax6536_colmin2503_colmax5003
INFO: --- Image 116 of 161 (TCGA-E2-A1LL-DX1_xmin5783_ymin22777_MPP-0.2500.png) --- 
INFO:TCGA-E2-A1LL-DX1_xmin5783_ymin22777_MPP-0.2500.png: _rowmin0_rowmax2500_colmin0_colmax2500
INFO:TCGA-E2-A1LL-DX1_xmin5783_ymin22777_MPP-0.2500.png: _rowmin0_rowmax2500_colmin715_colmax3215
INFO:TCGA-E2-A1LL-DX1_xmin5783_ymin22777_MPP-0.2500.png: _rowmin811_rowmax3311_colmin0_colmax2500
INFO:TCGA-E2-A1LL-DX1_xmin5783_ymin22777_MPP-0.2500.png: _rowmin811_rowmax3311_colmin715_colmax3215
INFO: --- Image 117 of 161 (TCGA-E2-A1LS-DX1_xmin39247_ymin47756_MPP-0.2500.png) --- 
INFO:TCGA-E2-A1LS-DX1_xmin39247_ymin47756_MPP-0.2500.png: _rowmin0_rowmax2342_colmin0_colmax2500
INFO:TCGA-E2-A1LS-DX1_xmin39247_ymin47756_MPP-0.2500.png: _rowmin0_rowmax2342_colmin128_colmax2628
INFO: --- Image 118 of 161 (TCGA-E2-A573-DX1_xmin59666_ymin56141_MPP-0.2500.png) --- 
INFO:TCGA-E2-A573-DX1_xmin59666_ymin56141_MPP-0.2500.png: _rowmin0_rowmax2500_colmin0_colmax2500
INFO:TCGA-E2-A573-DX1_xmin59666_ymin56141_MPP-0.2500.png: _rowmin0_rowmax2500_colmin1154_colmax3654
INFO:TCGA-E2-A573-DX1_xmin59666_ymin56141_MPP-0.2500.png: _rowmin119_rowmax2619_colmin0_colmax2500
INFO:TCGA-E2-A573-DX1_xmin59666_ymin56141_MPP-0.2500.png: _rowmin119_rowmax2619_colmin1154_colmax3654
INFO: --- Image 119 of 161 (TCGA-E2-A574-DX1_xmin54962_ymin47475_MPP-0.2500.png) --- 
INFO:TCGA-E2-A574-DX1_xmin54962_ymin47475_MPP-0.2500.png: _rowmin0_rowmax2500_colmin0_colmax2500
INFO:TCGA-E2-A574-DX1_xmin54962_ymin47475_MPP-0.2500.png: _rowmin0_rowmax2500_colmin1774_colmax4274
INFO:TCGA-E2-A574-DX1_xmin54962_ymin47475_MPP-0.2500.png: _rowmin2002_rowmax4502_colmin0_colmax2500
INFO:TCGA-E2-A574-DX1_xmin54962_ymin47475_MPP-0.2500.png: _rowmin2002_rowmax4502_colmin1774_colmax4274
INFO: --- Image 120 of 161 (TCGA-E9-A5FL-DX1_xmin45595_ymin47283_MPP-0.2500.png) --- 
INFO:TCGA-E9-A5FL-DX1_xmin45595_ymin47283_MPP-0.2500.png: _rowmin0_rowmax2500_colmin0_colmax2500
INFO:TCGA-E9-A5FL-DX1_xmin45595_ymin47283_MPP-0.2500.png: _rowmin0_rowmax2500_colmin1904_colmax4404
INFO:TCGA-E9-A5FL-DX1_xmin45595_ymin47283_MPP-0.2500.png: _rowmin2500_rowmax5000_colmin0_colmax2500
INFO:TCGA-E9-A5FL-DX1_xmin45595_ymin47283_MPP-0.2500.png: _rowmin2500_rowmax5000_colmin1904_colmax4404
INFO:TCGA-E9-A5FL-DX1_xmin45595_ymin47283_MPP-0.2500.png: _rowmin5000_rowmax7500_colmin0_colmax2500
INFO:TCGA-E9-A5FL-DX1_xmin45595_ymin47283_MPP-0.2500.png: _rowmin5000_rowmax7500_colmin1904_colmax4404
INFO:TCGA-E9-A5FL-DX1_xmin45595_ymin47283_MPP-0.2500.png: _rowmin5914_rowmax8414_colmin0_colmax2500
INFO:TCGA-E9-A5FL-DX1_xmin45595_ymin47283_MPP-0.2500.png: _rowmin5914_rowmax8414_colmin1904_colmax4404
INFO: --- Image 121 of 161 (TCGA-EW-A1OV-DX1_xmin126026_ymin65132_MPP-0.2500.png) --- 
INFO:TCGA-EW-A1OV-DX1_xmin126026_ymin65132_MPP-0.2500.png: _rowmin0_rowmax2500_colmin0_colmax2500
INFO:TCGA-EW-A1OV-DX1_xmin126026_ymin65132_MPP-0.2500.png: _rowmin0_rowmax2500_colmin2500_colmax5000
INFO:TCGA-EW-A1OV-DX1_xmin126026_ymin65132_MPP-0.2500.png: _rowmin0_rowmax2500_colmin3766_colmax6266
INFO:TCGA-EW-A1OV-DX1_xmin126026_ymin65132_MPP-0.2500.png: _rowmin2500_rowmax5000_colmin0_colmax2500
INFO:TCGA-EW-A1OV-DX1_xmin126026_ymin65132_MPP-0.2500.png: _rowmin2500_rowmax5000_colmin2500_colmax5000
INFO:TCGA-EW-A1OV-DX1_xmin126026_ymin65132_MPP-0.2500.png: _rowmin2500_rowmax5000_colmin3766_colmax6266
INFO:TCGA-EW-A1OV-DX1_xmin126026_ymin65132_MPP-0.2500.png: _rowmin5000_rowmax7500_colmin0_colmax2500
INFO:TCGA-EW-A1OV-DX1_xmin126026_ymin65132_MPP-0.2500.png: _rowmin5000_rowmax7500_colmin2500_colmax5000
INFO:TCGA-EW-A1OV-DX1_xmin126026_ymin65132_MPP-0.2500.png: _rowmin5000_rowmax7500_colmin3766_colmax6266
INFO:TCGA-EW-A1OV-DX1_xmin126026_ymin65132_MPP-0.2500.png: _rowmin6398_rowmax8898_colmin0_colmax2500
INFO:TCGA-EW-A1OV-DX1_xmin126026_ymin65132_MPP-0.2500.png: _rowmin6398_rowmax8898_colmin2500_colmax5000
INFO:TCGA-EW-A1OV-DX1_xmin126026_ymin65132_MPP-0.2500.png: _rowmin6398_rowmax8898_colmin3766_colmax6266
INFO: --- Image 122 of 161 (TCGA-EW-A1OW-DX1_xmin36101_ymin49680_MPP-0.2500.png) --- 
INFO:TCGA-EW-A1OW-DX1_xmin36101_ymin49680_MPP-0.2500.png: _rowmin0_rowmax2500_colmin0_colmax2500
INFO:TCGA-EW-A1OW-DX1_xmin36101_ymin49680_MPP-0.2500.png: _rowmin0_rowmax2500_colmin2500_colmax5000
INFO:TCGA-EW-A1OW-DX1_xmin36101_ymin49680_MPP-0.2500.png: _rowmin0_rowmax2500_colmin4324_colmax6824
INFO:TCGA-EW-A1OW-DX1_xmin36101_ymin49680_MPP-0.2500.png: _rowmin2500_rowmax5000_colmin0_colmax2500
INFO:TCGA-EW-A1OW-DX1_xmin36101_ymin49680_MPP-0.2500.png: _rowmin2500_rowmax5000_colmin2500_colmax5000
INFO:TCGA-EW-A1OW-DX1_xmin36101_ymin49680_MPP-0.2500.png: _rowmin2500_rowmax5000_colmin4324_colmax6824
INFO:TCGA-EW-A1OW-DX1_xmin36101_ymin49680_MPP-0.2500.png: _rowmin4833_rowmax7333_colmin0_colmax2500
INFO:TCGA-EW-A1OW-DX1_xmin36101_ymin49680_MPP-0.2500.png: _rowmin4833_rowmax7333_colmin2500_colmax5000
INFO:TCGA-EW-A1OW-DX1_xmin36101_ymin49680_MPP-0.2500.png: _rowmin4833_rowmax7333_colmin4324_colmax6824
INFO: --- Image 123 of 161 (TCGA-EW-A1P1-DX1_xmin50567_ymin38988_MPP-0.2500.png) --- 
INFO:TCGA-EW-A1P1-DX1_xmin50567_ymin38988_MPP-0.2500.png: _rowmin0_rowmax2500_colmin0_colmax2500
INFO:TCGA-EW-A1P1-DX1_xmin50567_ymin38988_MPP-0.2500.png: _rowmin0_rowmax2500_colmin1867_colmax4367
INFO:TCGA-EW-A1P1-DX1_xmin50567_ymin38988_MPP-0.2500.png: _rowmin1408_rowmax3908_colmin0_colmax2500
INFO:TCGA-EW-A1P1-DX1_xmin50567_ymin38988_MPP-0.2500.png: _rowmin1408_rowmax3908_colmin1867_colmax4367
INFO: --- Image 124 of 161 (TCGA-EW-A1P4-DX1_xmin17256_ymin35430_MPP-0.2500.png) --- 
INFO:TCGA-EW-A1P4-DX1_xmin17256_ymin35430_MPP-0.2500.png: _rowmin0_rowmax2500_colmin0_colmax2500
INFO:TCGA-EW-A1P4-DX1_xmin17256_ymin35430_MPP-0.2500.png: _rowmin0_rowmax2500_colmin1721_colmax4221
INFO:TCGA-EW-A1P4-DX1_xmin17256_ymin35430_MPP-0.2500.png: _rowmin974_rowmax3474_colmin0_colmax2500
INFO:TCGA-EW-A1P4-DX1_xmin17256_ymin35430_MPP-0.2500.png: _rowmin974_rowmax3474_colmin1721_colmax4221
INFO: --- Image 125 of 161 (TCGA-EW-A1P7-DX1_xmin9808_ymin46395_MPP-0.2500.png) --- 
INFO:TCGA-EW-A1P7-DX1_xmin9808_ymin46395_MPP-0.2500.png: _rowmin0_rowmax2500_colmin0_colmax2500
INFO:TCGA-EW-A1P7-DX1_xmin9808_ymin46395_MPP-0.2500.png: _rowmin0_rowmax2500_colmin467_colmax2967
INFO:TCGA-EW-A1P7-DX1_xmin9808_ymin46395_MPP-0.2500.png: _rowmin1633_rowmax4133_colmin0_colmax2500
INFO:TCGA-EW-A1P7-DX1_xmin9808_ymin46395_MPP-0.2500.png: _rowmin1633_rowmax4133_colmin467_colmax2967
INFO: --- Image 126 of 161 (TCGA-EW-A1P8-DX1_xmin15520_ymin26381_MPP-0.2500.png) --- 
INFO:TCGA-EW-A1P8-DX1_xmin15520_ymin26381_MPP-0.2500.png: _rowmin0_rowmax2500_colmin0_colmax2500
INFO:TCGA-EW-A1P8-DX1_xmin15520_ymin26381_MPP-0.2500.png: _rowmin0_rowmax2500_colmin1327_colmax3827
INFO:TCGA-EW-A1P8-DX1_xmin15520_ymin26381_MPP-0.2500.png: _rowmin1422_rowmax3922_colmin0_colmax2500
INFO:TCGA-EW-A1P8-DX1_xmin15520_ymin26381_MPP-0.2500.png: _rowmin1422_rowmax3922_colmin1327_colmax3827
INFO: --- Image 127 of 161 (TCGA-EW-A1PB-DX1_xmin57214_ymin25940_MPP-0.2500.png) --- 
INFO:TCGA-EW-A1PB-DX1_xmin57214_ymin25940_MPP-0.2500.png: _rowmin0_rowmax2500_colmin0_colmax2500
INFO:TCGA-EW-A1PB-DX1_xmin57214_ymin25940_MPP-0.2500.png: _rowmin0_rowmax2500_colmin976_colmax3476
INFO:TCGA-EW-A1PB-DX1_xmin57214_ymin25940_MPP-0.2500.png: _rowmin1482_rowmax3982_colmin0_colmax2500
INFO:TCGA-EW-A1PB-DX1_xmin57214_ymin25940_MPP-0.2500.png: _rowmin1482_rowmax3982_colmin976_colmax3476
INFO: --- Image 128 of 161 (TCGA-EW-A1PH-DX1_xmin3455_ymin52049_MPP-0.2500.png) --- 
INFO:TCGA-EW-A1PH-DX1_xmin3455_ymin52049_MPP-0.2500.png: _rowmin0_rowmax2500_colmin0_colmax2500
INFO:TCGA-EW-A1PH-DX1_xmin3455_ymin52049_MPP-0.2500.png: _rowmin0_rowmax2500_colmin2500_colmax5000
INFO:TCGA-EW-A1PH-DX1_xmin3455_ymin52049_MPP-0.2500.png: _rowmin0_rowmax2500_colmin3347_colmax5847
INFO:TCGA-EW-A1PH-DX1_xmin3455_ymin52049_MPP-0.2500.png: _rowmin2500_rowmax5000_colmin0_colmax2500
INFO:TCGA-EW-A1PH-DX1_xmin3455_ymin52049_MPP-0.2500.png: _rowmin2500_rowmax5000_colmin2500_colmax5000
INFO:TCGA-EW-A1PH-DX1_xmin3455_ymin52049_MPP-0.2500.png: _rowmin2500_rowmax5000_colmin3347_colmax5847
INFO:TCGA-EW-A1PH-DX1_xmin3455_ymin52049_MPP-0.2500.png: _rowmin2746_rowmax5246_colmin0_colmax2500
INFO:TCGA-EW-A1PH-DX1_xmin3455_ymin52049_MPP-0.2500.png: _rowmin2746_rowmax5246_colmin2500_colmax5000
INFO:TCGA-EW-A1PH-DX1_xmin3455_ymin52049_MPP-0.2500.png: _rowmin2746_rowmax5246_colmin3347_colmax5847
INFO: --- Image 129 of 161 (TCGA-EW-A3U0-DX1_xmin113512_ymin48566_MPP-0.2500.png) --- 
INFO:TCGA-EW-A3U0-DX1_xmin113512_ymin48566_MPP-0.2500.png: _rowmin0_rowmax2063_colmin0_colmax1779
INFO: --- Image 130 of 161 (TCGA-EW-A6SB-DX1_xmin34625_ymin56578_MPP-0.2500.png) --- 
INFO:TCGA-EW-A6SB-DX1_xmin34625_ymin56578_MPP-0.2500.png: _rowmin0_rowmax2500_colmin0_colmax2500
INFO:TCGA-EW-A6SB-DX1_xmin34625_ymin56578_MPP-0.2500.png: _rowmin0_rowmax2500_colmin2451_colmax4951
INFO:TCGA-EW-A6SB-DX1_xmin34625_ymin56578_MPP-0.2500.png: _rowmin2500_rowmax5000_colmin0_colmax2500
INFO:TCGA-EW-A6SB-DX1_xmin34625_ymin56578_MPP-0.2500.png: _rowmin2500_rowmax5000_colmin2451_colmax4951
INFO:TCGA-EW-A6SB-DX1_xmin34625_ymin56578_MPP-0.2500.png: _rowmin3141_rowmax5641_colmin0_colmax2500
INFO:TCGA-EW-A6SB-DX1_xmin34625_ymin56578_MPP-0.2500.png: _rowmin3141_rowmax5641_colmin2451_colmax4951
INFO: --- Image 131 of 161 (TCGA-GI-A2C9-DX1_xmin20882_ymin11843_MPP-0.2500.png) --- 
INFO:TCGA-GI-A2C9-DX1_xmin20882_ymin11843_MPP-0.2500.png: _rowmin0_rowmax1896_colmin0_colmax2500
INFO:TCGA-GI-A2C9-DX1_xmin20882_ymin11843_MPP-0.2500.png: _rowmin0_rowmax1896_colmin817_colmax3317
INFO: --- Image 132 of 161 (TCGA-GM-A2DB-DX1_xmin50586_ymin43110_MPP-0.2500.png) --- 
INFO:TCGA-GM-A2DB-DX1_xmin50586_ymin43110_MPP-0.2500.png: _rowmin0_rowmax2500_colmin0_colmax2500
INFO:TCGA-GM-A2DB-DX1_xmin50586_ymin43110_MPP-0.2500.png: _rowmin0_rowmax2500_colmin2500_colmax5000
INFO:TCGA-GM-A2DB-DX1_xmin50586_ymin43110_MPP-0.2500.png: _rowmin0_rowmax2500_colmin5000_colmax7500
INFO:TCGA-GM-A2DB-DX1_xmin50586_ymin43110_MPP-0.2500.png: _rowmin0_rowmax2500_colmin5283_colmax7783
INFO:TCGA-GM-A2DB-DX1_xmin50586_ymin43110_MPP-0.2500.png: _rowmin2500_rowmax5000_colmin0_colmax2500
INFO:TCGA-GM-A2DB-DX1_xmin50586_ymin43110_MPP-0.2500.png: _rowmin2500_rowmax5000_colmin2500_colmax5000
INFO:TCGA-GM-A2DB-DX1_xmin50586_ymin43110_MPP-0.2500.png: _rowmin2500_rowmax5000_colmin5000_colmax7500
INFO:TCGA-GM-A2DB-DX1_xmin50586_ymin43110_MPP-0.2500.png: _rowmin2500_rowmax5000_colmin5283_colmax7783
INFO:TCGA-GM-A2DB-DX1_xmin50586_ymin43110_MPP-0.2500.png: _rowmin3975_rowmax6475_colmin0_colmax2500
INFO:TCGA-GM-A2DB-DX1_xmin50586_ymin43110_MPP-0.2500.png: _rowmin3975_rowmax6475_colmin2500_colmax5000
INFO:TCGA-GM-A2DB-DX1_xmin50586_ymin43110_MPP-0.2500.png: _rowmin3975_rowmax6475_colmin5000_colmax7500
INFO:TCGA-GM-A2DB-DX1_xmin50586_ymin43110_MPP-0.2500.png: _rowmin3975_rowmax6475_colmin5283_colmax7783
INFO: --- Image 133 of 161 (TCGA-GM-A2DD-DX1_xmin47260_ymin22408_MPP-0.2500.png) --- 
INFO:TCGA-GM-A2DD-DX1_xmin47260_ymin22408_MPP-0.2500.png: _rowmin0_rowmax2500_colmin0_colmax2500
INFO:TCGA-GM-A2DD-DX1_xmin47260_ymin22408_MPP-0.2500.png: _rowmin0_rowmax2500_colmin2500_colmax5000
INFO:TCGA-GM-A2DD-DX1_xmin47260_ymin22408_MPP-0.2500.png: _rowmin0_rowmax2500_colmin4430_colmax6930
INFO:TCGA-GM-A2DD-DX1_xmin47260_ymin22408_MPP-0.2500.png: _rowmin1114_rowmax3614_colmin0_colmax2500
INFO:TCGA-GM-A2DD-DX1_xmin47260_ymin22408_MPP-0.2500.png: _rowmin1114_rowmax3614_colmin2500_colmax5000
INFO:TCGA-GM-A2DD-DX1_xmin47260_ymin22408_MPP-0.2500.png: _rowmin1114_rowmax3614_colmin4430_colmax6930
INFO: --- Image 134 of 161 (TCGA-GM-A2DF-DX1_xmin50637_ymin43774_MPP-0.2500.png) --- 
INFO:TCGA-GM-A2DF-DX1_xmin50637_ymin43774_MPP-0.2500.png: _rowmin0_rowmax2500_colmin0_colmax2500
INFO:TCGA-GM-A2DF-DX1_xmin50637_ymin43774_MPP-0.2500.png: _rowmin0_rowmax2500_colmin1551_colmax4051
INFO:TCGA-GM-A2DF-DX1_xmin50637_ymin43774_MPP-0.2500.png: _rowmin1462_rowmax3962_colmin0_colmax2500
INFO:TCGA-GM-A2DF-DX1_xmin50637_ymin43774_MPP-0.2500.png: _rowmin1462_rowmax3962_colmin1551_colmax4051
INFO: --- Image 135 of 161 (TCGA-GM-A2DH-DX1_xmin50963_ymin56303_MPP-0.2500.png) --- 
INFO:TCGA-GM-A2DH-DX1_xmin50963_ymin56303_MPP-0.2500.png: _rowmin0_rowmax2500_colmin0_colmax2500
INFO:TCGA-GM-A2DH-DX1_xmin50963_ymin56303_MPP-0.2500.png: _rowmin0_rowmax2500_colmin2137_colmax4637
INFO:TCGA-GM-A2DH-DX1_xmin50963_ymin56303_MPP-0.2500.png: _rowmin1056_rowmax3556_colmin0_colmax2500
INFO:TCGA-GM-A2DH-DX1_xmin50963_ymin56303_MPP-0.2500.png: _rowmin1056_rowmax3556_colmin2137_colmax4637
INFO: --- Image 136 of 161 (TCGA-GM-A2DI-DX1_xmin22802_ymin51060_MPP-0.2500.png) --- 
INFO:TCGA-GM-A2DI-DX1_xmin22802_ymin51060_MPP-0.2500.png: _rowmin0_rowmax957_colmin0_colmax2359
INFO: --- Image 137 of 161 (TCGA-GM-A3XL-DX1_xmin29910_ymin15820_MPP-0.2500.png) --- 
INFO:TCGA-GM-A3XL-DX1_xmin29910_ymin15820_MPP-0.2500.png: _rowmin0_rowmax2500_colmin0_colmax2500
INFO:TCGA-GM-A3XL-DX1_xmin29910_ymin15820_MPP-0.2500.png: _rowmin0_rowmax2500_colmin2500_colmax5000
INFO:TCGA-GM-A3XL-DX1_xmin29910_ymin15820_MPP-0.2500.png: _rowmin0_rowmax2500_colmin3258_colmax5758
INFO:TCGA-GM-A3XL-DX1_xmin29910_ymin15820_MPP-0.2500.png: _rowmin1737_rowmax4237_colmin0_colmax2500
INFO:TCGA-GM-A3XL-DX1_xmin29910_ymin15820_MPP-0.2500.png: _rowmin1737_rowmax4237_colmin2500_colmax5000
INFO:TCGA-GM-A3XL-DX1_xmin29910_ymin15820_MPP-0.2500.png: _rowmin1737_rowmax4237_colmin3258_colmax5758
INFO: --- Image 138 of 161 (TCGA-HN-A2NL-DX1_xmin11931_ymin5764_MPP-0.2500.png) --- 
INFO:TCGA-HN-A2NL-DX1_xmin11931_ymin5764_MPP-0.2500.png: _rowmin0_rowmax2142_colmin0_colmax1748
INFO: --- Image 139 of 161 (TCGA-LL-A441-DX1_xmin82006_ymin43121_MPP-0.2500.png) --- 
INFO:TCGA-LL-A441-DX1_xmin82006_ymin43121_MPP-0.2500.png: _rowmin0_rowmax2500_colmin0_colmax2500
INFO:TCGA-LL-A441-DX1_xmin82006_ymin43121_MPP-0.2500.png: _rowmin0_rowmax2500_colmin935_colmax3435
INFO:TCGA-LL-A441-DX1_xmin82006_ymin43121_MPP-0.2500.png: _rowmin804_rowmax3304_colmin0_colmax2500
INFO:TCGA-LL-A441-DX1_xmin82006_ymin43121_MPP-0.2500.png: _rowmin804_rowmax3304_colmin935_colmax3435
INFO: --- Image 140 of 161 (TCGA-LL-A5YO-DX1_xmin36631_ymin44396_MPP-0.2500.png) --- 
INFO:TCGA-LL-A5YO-DX1_xmin36631_ymin44396_MPP-0.2500.png: _rowmin0_rowmax2138_colmin0_colmax2500
INFO:TCGA-LL-A5YO-DX1_xmin36631_ymin44396_MPP-0.2500.png: _rowmin0_rowmax2138_colmin468_colmax2968
INFO: --- Image 141 of 161 (TCGA-LL-A73Y-DX1_xmin68117_ymin49445_MPP-0.2500.png) --- 
INFO:TCGA-LL-A73Y-DX1_xmin68117_ymin49445_MPP-0.2500.png: _rowmin0_rowmax1794_colmin0_colmax2060
INFO: --- Image 142 of 161 (TCGA-LL-A740-DX1_xmin39436_ymin24080_MPP-0.2500.png) --- 
INFO:TCGA-LL-A740-DX1_xmin39436_ymin24080_MPP-0.2500.png: _rowmin0_rowmax2500_colmin0_colmax2500
INFO:TCGA-LL-A740-DX1_xmin39436_ymin24080_MPP-0.2500.png: _rowmin0_rowmax2500_colmin326_colmax2826
INFO:TCGA-LL-A740-DX1_xmin39436_ymin24080_MPP-0.2500.png: _rowmin318_rowmax2818_colmin0_colmax2500
INFO:TCGA-LL-A740-DX1_xmin39436_ymin24080_MPP-0.2500.png: _rowmin318_rowmax2818_colmin326_colmax2826
INFO: --- Image 143 of 161 (TCGA-OL-A5D6-DX1_xmin115108_ymin40554_MPP-0.2500.png) --- 
INFO:TCGA-OL-A5D6-DX1_xmin115108_ymin40554_MPP-0.2500.png: _rowmin0_rowmax2469_colmin0_colmax2395
INFO: --- Image 144 of 161 (TCGA-OL-A5D7-DX1_xmin114443_ymin22490_MPP-0.2500.png) --- 
INFO:TCGA-OL-A5D7-DX1_xmin114443_ymin22490_MPP-0.2500.png: _rowmin0_rowmax2500_colmin0_colmax2500
INFO:TCGA-OL-A5D7-DX1_xmin114443_ymin22490_MPP-0.2500.png: _rowmin0_rowmax2500_colmin2500_colmax5000
INFO:TCGA-OL-A5D7-DX1_xmin114443_ymin22490_MPP-0.2500.png: _rowmin0_rowmax2500_colmin3069_colmax5569
INFO:TCGA-OL-A5D7-DX1_xmin114443_ymin22490_MPP-0.2500.png: _rowmin2500_rowmax5000_colmin0_colmax2500
INFO:TCGA-OL-A5D7-DX1_xmin114443_ymin22490_MPP-0.2500.png: _rowmin2500_rowmax5000_colmin2500_colmax5000
INFO:TCGA-OL-A5D7-DX1_xmin114443_ymin22490_MPP-0.2500.png: _rowmin2500_rowmax5000_colmin3069_colmax5569
INFO:TCGA-OL-A5D7-DX1_xmin114443_ymin22490_MPP-0.2500.png: _rowmin3786_rowmax6286_colmin0_colmax2500
INFO:TCGA-OL-A5D7-DX1_xmin114443_ymin22490_MPP-0.2500.png: _rowmin3786_rowmax6286_colmin2500_colmax5000
INFO:TCGA-OL-A5D7-DX1_xmin114443_ymin22490_MPP-0.2500.png: _rowmin3786_rowmax6286_colmin3069_colmax5569
INFO: --- Image 145 of 161 (TCGA-OL-A5RW-DX1_xmin5772_ymin6839_MPP-0.2500.png) --- 
INFO:TCGA-OL-A5RW-DX1_xmin5772_ymin6839_MPP-0.2500.png: _rowmin0_rowmax1036_colmin0_colmax1222
INFO: --- Image 146 of 161 (TCGA-OL-A66I-DX1_xmin38433_ymin22957_MPP-0.2500.png) --- 
INFO:TCGA-OL-A66I-DX1_xmin38433_ymin22957_MPP-0.2500.png: _rowmin0_rowmax2500_colmin0_colmax2500
INFO:TCGA-OL-A66I-DX1_xmin38433_ymin22957_MPP-0.2500.png: _rowmin0_rowmax2500_colmin680_colmax3180
INFO:TCGA-OL-A66I-DX1_xmin38433_ymin22957_MPP-0.2500.png: _rowmin69_rowmax2569_colmin0_colmax2500
INFO:TCGA-OL-A66I-DX1_xmin38433_ymin22957_MPP-0.2500.png: _rowmin69_rowmax2569_colmin680_colmax3180
INFO: --- Image 147 of 161 (TCGA-OL-A66P-DX1_xmin30143_ymin20310_MPP-0.2500.png) --- 
INFO:TCGA-OL-A66P-DX1_xmin30143_ymin20310_MPP-0.2500.png: _rowmin0_rowmax2500_colmin0_colmax2500
INFO:TCGA-OL-A66P-DX1_xmin30143_ymin20310_MPP-0.2500.png: _rowmin0_rowmax2500_colmin2500_colmax5000
INFO:TCGA-OL-A66P-DX1_xmin30143_ymin20310_MPP-0.2500.png: _rowmin0_rowmax2500_colmin2906_colmax5406
INFO:TCGA-OL-A66P-DX1_xmin30143_ymin20310_MPP-0.2500.png: _rowmin1812_rowmax4312_colmin0_colmax2500
INFO:TCGA-OL-A66P-DX1_xmin30143_ymin20310_MPP-0.2500.png: _rowmin1812_rowmax4312_colmin2500_colmax5000
INFO:TCGA-OL-A66P-DX1_xmin30143_ymin20310_MPP-0.2500.png: _rowmin1812_rowmax4312_colmin2906_colmax5406
INFO: --- Image 148 of 161 (TCGA-OL-A6VO-DX1_xmin88416_ymin188485_MPP-0.2500.png) --- 
INFO:TCGA-OL-A6VO-DX1_xmin88416_ymin188485_MPP-0.2500.png: _rowmin0_rowmax2500_colmin0_colmax2500
INFO:TCGA-OL-A6VO-DX1_xmin88416_ymin188485_MPP-0.2500.png: _rowmin0_rowmax2500_colmin409_colmax2909
INFO:TCGA-OL-A6VO-DX1_xmin88416_ymin188485_MPP-0.2500.png: _rowmin495_rowmax2995_colmin0_colmax2500
INFO:TCGA-OL-A6VO-DX1_xmin88416_ymin188485_MPP-0.2500.png: _rowmin495_rowmax2995_colmin409_colmax2909
INFO: --- Image 149 of 161 (TCGA-OL-A97C-DX1_xmin68058_ymin32495_MPP-0.2500.png) --- 
INFO:TCGA-OL-A97C-DX1_xmin68058_ymin32495_MPP-0.2500.png: _rowmin0_rowmax2500_colmin0_colmax2500
INFO:TCGA-OL-A97C-DX1_xmin68058_ymin32495_MPP-0.2500.png: _rowmin0_rowmax2500_colmin2014_colmax4514
INFO:TCGA-OL-A97C-DX1_xmin68058_ymin32495_MPP-0.2500.png: _rowmin2303_rowmax4803_colmin0_colmax2500
INFO:TCGA-OL-A97C-DX1_xmin68058_ymin32495_MPP-0.2500.png: _rowmin2303_rowmax4803_colmin2014_colmax4514
INFO: --- Image 150 of 161 (TCGA-S3-AA10-DX1_xmin43039_ymin23986_MPP-0.2500.png) --- 
INFO:TCGA-S3-AA10-DX1_xmin43039_ymin23986_MPP-0.2500.png: _rowmin0_rowmax2500_colmin0_colmax2500
INFO:TCGA-S3-AA10-DX1_xmin43039_ymin23986_MPP-0.2500.png: _rowmin0_rowmax2500_colmin743_colmax3243
INFO:TCGA-S3-AA10-DX1_xmin43039_ymin23986_MPP-0.2500.png: _rowmin757_rowmax3257_colmin0_colmax2500
INFO:TCGA-S3-AA10-DX1_xmin43039_ymin23986_MPP-0.2500.png: _rowmin757_rowmax3257_colmin743_colmax3243
INFO: --- Image 151 of 161 (TCGA-S3-AA15-DX1_xmin55486_ymin28926_MPP-0.2500.png) --- 
INFO:TCGA-S3-AA15-DX1_xmin55486_ymin28926_MPP-0.2500.png: _rowmin0_rowmax2316_colmin0_colmax1864
INFO: --- Image 152 of 161 (train_1.png) --- 
INFO:train_1.png: _rowmin0_rowmax522_colmin0_colmax775
INFO: --- Image 153 of 161 (train_10.png) --- 
INFO:train_10.png: _rowmin0_rowmax522_colmin0_colmax775
INFO: --- Image 154 of 161 (train_11.png) --- 
INFO:train_11.png: _rowmin0_rowmax522_colmin0_colmax775
INFO: --- Image 155 of 161 (train_12.png) --- 
INFO:train_12.png: _rowmin0_rowmax433_colmin0_colmax574
INFO: --- Image 156 of 161 (train_13.png) --- 
INFO:train_13.png: _rowmin0_rowmax522_colmin0_colmax775
INFO: --- Image 157 of 161 (train_14.png) --- 
INFO:train_14.png: _rowmin0_rowmax522_colmin0_colmax775
INFO: --- Image 158 of 161 (train_15.png) --- 
INFO:train_15.png: _rowmin0_rowmax522_colmin0_colmax775
INFO: --- Image 159 of 161 (train_16.png) --- 
INFO:train_16.png: _rowmin0_rowmax522_colmin0_colmax775
INFO: --- Image 160 of 161 (train_17.png) --- 
INFO:train_17.png: _rowmin0_rowmax522_colmin0_colmax775
INFO: --- Image 161 of 161 (train_19.png) --- 
INFO:train_19.png: _rowmin0_rowmax522_colmin0_colmax775
INFO:Saved SplitData to /Users/danacazacu/Documents/GitHub/tensorflow_FCN8Workflow/sampleRun/results/ ...
INFO:Building computational graph ...
INFO:Load npy file from '/Users/danacazacu/Documents/GitHub/tensorflow_FCN8Workflow/tensorflow_fcn/vgg16.npy'.
INFO:Creating Summary for: conv1_1/filter
INFO:Creating Summary for: conv1_1/biases
INFO:Creating Summary for: conv1_2/filter
INFO:Creating Summary for: conv1_2/biases
INFO:Creating Summary for: conv2_1/filter
INFO:Creating Summary for: conv2_1/biases
INFO:Creating Summary for: conv2_2/filter
INFO:Creating Summary for: conv2_2/biases
INFO:Creating Summary for: conv3_1/filter
INFO:Creating Summary for: conv3_1/biases
INFO:Creating Summary for: conv3_2/filter
INFO:Creating Summary for: conv3_2/biases
INFO:Creating Summary for: conv3_3/filter
INFO:Creating Summary for: conv3_3/biases
INFO:Creating Summary for: conv4_1/filter
INFO:Creating Summary for: conv4_1/biases
INFO:Creating Summary for: conv4_2/filter
INFO:Creating Summary for: conv4_2/biases
INFO:Creating Summary for: conv4_3/filter
INFO:Creating Summary for: conv4_3/biases
INFO:Creating Summary for: conv5_1/filter
INFO:Creating Summary for: conv5_1/biases
INFO:Creating Summary for: conv5_2/filter
INFO:Creating Summary for: conv5_2/biases
INFO:Creating Summary for: conv5_3/filter
INFO:Creating Summary for: conv5_3/biases
INFO:Creating Summary for: fc6/weights
INFO:Creating Summary for: fc6/biases
INFO:Creating Summary for: fc7/weights
INFO:Creating Summary for: fc7/biases
INFO:Creating Summary for: score_fr/weights
INFO:Creating Summary for: score_fr/biases
WARNING:From /Library/Frameworks/Python.framework/Versions/3.12/lib/python3.12/site-packages/tensorflow/python/util/dispatch.py:1260: calling argmax (from tensorflow.python.ops.math_ops) with dimension is deprecated and will be removed in a future version.
Instructions for updating:
Use the `axis` argument instead
WARNING:From /Users/danacazacu/Documents/GitHub/tensorflow_FCN8Workflow/tensorflow_fcn/fcn8_vgg.py:274: calling Constant.__init__ (from tensorflow.python.ops.init_ops) with dtype is deprecated and will be removed in a future version.
Instructions for updating:
Call initializer instance with the dtype argument instead of passing it to the constructor
INFO:Creating Summary for: upscore2/up_filter
INFO:Creating Summary for: score_pool4/weights
INFO:Creating Summary for: score_pool4/biases
INFO:Creating Summary for: upscore4/up_filter
INFO:Creating Summary for: score_pool3/weights
INFO:Creating Summary for: score_pool3/biases
INFO:Creating Summary for: upscore32/up_filter
WARNING:From /Library/Frameworks/Python.framework/Versions/3.12/lib/python3.12/site-packages/tensorflow/python/util/dispatch.py:1260: to_float (from tensorflow.python.ops.math_ops) is deprecated and will be removed in a future version.
Instructions for updating:
Use `tf.cast` instead.
INFO:Finished building Network.
INFO:Restoring saved model ...
INFO:Restoring parameters from /Users/danacazacu/Documents/GitHub/tensorflow_FCN8Workflow/sampleRun/model/weights/model.ckpt
INFO:Model restored.
INFO:
Making predictions for unlabeled image set ...
INFO:
Epoch 40, Bigbatch = 1 of 691, runMode: testing
--------------------------------------------------
INFO:Sub-batch = 1 of 1
INFO:
Epoch 40, Bigbatch = 2 of 691, runMode: testing
--------------------------------------------------
INFO:Sub-batch = 1 of 1
INFO:
Epoch 40, Bigbatch = 3 of 691, runMode: testing
--------------------------------------------------
